[28-Mar-2018 06:28:29 UTC] PHP Fatal error:  Uncaught PDOException: SQLSTATE[42000]: Syntax error or access violation: 1064 You have an error in your SQL syntax; check the manual that corresponds to your MySQL server version for the right syntax to use near 'OUTER JOIN `mp_county` ON mp_town.county_id = mp_county.county_id' at line 3 in /home/ubuntu/workspace/Exams/Midterm/Practice2/practice_program2.php:36
Stack trace:
#0 /home/ubuntu/workspace/Exams/Midterm/Practice2/practice_program2.php(36): PDOStatement->execute()
#1 {main}
  thrown in /home/ubuntu/workspace/Exams/Midterm/Practice2/practice_program2.php on line 36
[28-Mar-2018 06:33:53 UTC] PHP Fatal error:  Uncaught PDOException: SQLSTATE[42000]: Syntax error or access violation: 1064 You have an error in your SQL syntax; check the manual that corresponds to your MySQL server version for the right syntax to use near 'OUTER JOIN mp_county ON mp_town.county_id = mp_county.county_id' at line 3 in /home/ubuntu/workspace/Exams/Midterm/Practice2/practice_program2.php:36
Stack trace:
#0 /home/ubuntu/workspace/Exams/Midterm/Practice2/practice_program2.php(36): PDOStatement->execute()
#1 {main}
  thrown in /home/ubuntu/workspace/Exams/Midterm/Practice2/practice_program2.php on line 36
[28-Mar-2018 07:01:08 UTC] PHP Fatal error:  Uncaught PDOException: SQLSTATE[42000]: Syntax error or access violation: 1064 You have an error in your SQL syntax; check the manual that corresponds to your MySQL server version for the right syntax to use near 'LEFT JOIN `mp_county`
                    ON mp_town.county_id = mp_county.count' at line 4 in /home/ubuntu/workspace/Exams/Midterm/Practice2/practice_program2.php:59
Stack trace:
#0 /home/ubuntu/workspace/Exams/Midterm/Practice2/practice_program2.php(59): PDOStatement->execute()
#1 {main}
  thrown in /home/ubuntu/workspace/Exams/Midterm/Practice2/practice_program2.php on line 59
[28-Mar-2018 07:07:20 UTC] PHP Notice:  Undefined index: mp_county in /home/ubuntu/workspace/Exams/Midterm/Practice2/practice_program2.php on line 63
[28-Mar-2018 07:07:32 UTC] PHP Notice:  Undefined index: mp_county in /home/ubuntu/workspace/Exams/Midterm/Practice2/practice_program2.php on line 63
[28-Mar-2018 07:08:45 UTC] PHP Fatal error:  Uncaught PDOException: SQLSTATE[42S22]: Column not found: 1054 Unknown column 'Fresno' in 'where clause' in /home/ubuntu/workspace/Exams/Midterm/Practice2/practice_program2.php:58
Stack trace:
#0 /home/ubuntu/workspace/Exams/Midterm/Practice2/practice_program2.php(58): PDOStatement->execute()
#1 {main}
  thrown in /home/ubuntu/workspace/Exams/Midterm/Practice2/practice_program2.php on line 58
[28-Mar-2018 07:11:14 UTC] PHP Fatal error:  Uncaught PDOException: SQLSTATE[42S22]: Column not found: 1054 Unknown column 'mp_town.county_id' in 'where clause' in /home/ubuntu/workspace/Exams/Midterm/Practice2/practice_program2.php:58
Stack trace:
#0 /home/ubuntu/workspace/Exams/Midterm/Practice2/practice_program2.php(58): PDOStatement->execute()
#1 {main}
  thrown in /home/ubuntu/workspace/Exams/Midterm/Practice2/practice_program2.php on line 58
[28-Mar-2018 07:33:05 UTC] PHP Notice:  Undefined index: state_name in /home/ubuntu/workspace/Exams/Midterm/Practice2/practice_program2.php on line 78
[28-Mar-2018 07:33:05 UTC] PHP Notice:  Undefined index: state_name in /home/ubuntu/workspace/Exams/Midterm/Practice2/practice_program2.php on line 78
[28-Mar-2018 07:33:05 UTC] PHP Notice:  Undefined index: state_name in /home/ubuntu/workspace/Exams/Midterm/Practice2/practice_program2.php on line 78
[28-Mar-2018 07:33:05 UTC] PHP Notice:  Undefined index: state_name in /home/ubuntu/workspace/Exams/Midterm/Practice2/practice_program2.php on line 78
[28-Mar-2018 07:33:05 UTC] PHP Notice:  Undefined index: state_name in /home/ubuntu/workspace/Exams/Midterm/Practice2/practice_program2.php on line 78
[28-Mar-2018 07:33:05 UTC] PHP Notice:  Undefined index: state_name in /home/ubuntu/workspace/Exams/Midterm/Practice2/practice_program2.php on line 78
[28-Mar-2018 07:33:05 UTC] PHP Notice:  Undefined index: state_name in /home/ubuntu/workspace/Exams/Midterm/Practice2/practice_program2.php on line 78
[28-Mar-2018 07:33:57 UTC] PHP Notice:  Undefined index: state_name in /home/ubuntu/workspace/Exams/Midterm/Practice2/practice_program2.php on line 78
[28-Mar-2018 07:33:57 UTC] PHP Notice:  Undefined index: state_name in /home/ubuntu/workspace/Exams/Midterm/Practice2/practice_program2.php on line 78
[28-Mar-2018 07:33:57 UTC] PHP Notice:  Undefined index: state_name in /home/ubuntu/workspace/Exams/Midterm/Practice2/practice_program2.php on line 78
[28-Mar-2018 07:33:57 UTC] PHP Notice:  Undefined index: state_name in /home/ubuntu/workspace/Exams/Midterm/Practice2/practice_program2.php on line 78
[28-Mar-2018 07:33:57 UTC] PHP Notice:  Undefined index: state_name in /home/ubuntu/workspace/Exams/Midterm/Practice2/practice_program2.php on line 78
[28-Mar-2018 07:33:57 UTC] PHP Notice:  Undefined index: state_name in /home/ubuntu/workspace/Exams/Midterm/Practice2/practice_program2.php on line 78
[28-Mar-2018 07:33:57 UTC] PHP Notice:  Undefined index: state_name in /home/ubuntu/workspace/Exams/Midterm/Practice2/practice_program2.php on line 78
[28-Mar-2018 07:34:46 UTC] PHP Notice:  Undefined index: state_name in /home/ubuntu/workspace/Exams/Midterm/Practice2/practice_program2.php on line 78
[28-Mar-2018 07:34:46 UTC] PHP Notice:  Undefined index: state_name in /home/ubuntu/workspace/Exams/Midterm/Practice2/practice_program2.php on line 78
[28-Mar-2018 07:34:46 UTC] PHP Notice:  Undefined index: state_name in /home/ubuntu/workspace/Exams/Midterm/Practice2/practice_program2.php on line 78
[28-Mar-2018 07:34:46 UTC] PHP Notice:  Undefined index: state_name in /home/ubuntu/workspace/Exams/Midterm/Practice2/practice_program2.php on line 78
[28-Mar-2018 07:34:46 UTC] PHP Notice:  Undefined index: state_name in /home/ubuntu/workspace/Exams/Midterm/Practice2/practice_program2.php on line 78
[28-Mar-2018 07:34:46 UTC] PHP Notice:  Undefined index: state_name in /home/ubuntu/workspace/Exams/Midterm/Practice2/practice_program2.php on line 78
[28-Mar-2018 07:34:46 UTC] PHP Notice:  Undefined index: state_name in /home/ubuntu/workspace/Exams/Midterm/Practice2/practice_program2.php on line 78
[28-Mar-2018 07:40:24 UTC] PHP Notice:  Undefined index: state_name in /home/ubuntu/workspace/Exams/Midterm/Practice2/practice_program2.php on line 78
[28-Mar-2018 07:40:24 UTC] PHP Notice:  Undefined index: state_name in /home/ubuntu/workspace/Exams/Midterm/Practice2/practice_program2.php on line 78
[28-Mar-2018 07:40:24 UTC] PHP Notice:  Undefined index: state_name in /home/ubuntu/workspace/Exams/Midterm/Practice2/practice_program2.php on line 78
[28-Mar-2018 07:40:24 UTC] PHP Notice:  Undefined index: state_name in /home/ubuntu/workspace/Exams/Midterm/Practice2/practice_program2.php on line 78
[28-Mar-2018 07:40:24 UTC] PHP Notice:  Undefined index: state_name in /home/ubuntu/workspace/Exams/Midterm/Practice2/practice_program2.php on line 78
[28-Mar-2018 07:40:24 UTC] PHP Notice:  Undefined index: state_name in /home/ubuntu/workspace/Exams/Midterm/Practice2/practice_program2.php on line 78
[28-Mar-2018 07:40:24 UTC] PHP Notice:  Undefined index: state_name in /home/ubuntu/workspace/Exams/Midterm/Practice2/practice_program2.php on line 78
[28-Mar-2018 07:49:38 UTC] PHP Notice:  Array to string conversion in /home/ubuntu/workspace/Exams/Midterm/Practice2/practice_program2.php on line 81
[28-Mar-2018 07:49:38 UTC] PHP Notice:  Array to string conversion in /home/ubuntu/workspace/Exams/Midterm/Practice2/practice_program2.php on line 81
[28-Mar-2018 07:49:38 UTC] PHP Notice:  Array to string conversion in /home/ubuntu/workspace/Exams/Midterm/Practice2/practice_program2.php on line 81
[28-Mar-2018 07:49:38 UTC] PHP Notice:  Array to string conversion in /home/ubuntu/workspace/Exams/Midterm/Practice2/practice_program2.php on line 81
[28-Mar-2018 07:49:38 UTC] PHP Notice:  Array to string conversion in /home/ubuntu/workspace/Exams/Midterm/Practice2/practice_program2.php on line 81
[28-Mar-2018 07:49:38 UTC] PHP Notice:  Array to string conversion in /home/ubuntu/workspace/Exams/Midterm/Practice2/practice_program2.php on line 81
[28-Mar-2018 07:49:38 UTC] PHP Notice:  Array to string conversion in /home/ubuntu/workspace/Exams/Midterm/Practice2/practice_program2.php on line 81
[28-Mar-2018 07:49:52 UTC] PHP Notice:  Undefined index: state_name in /home/ubuntu/workspace/Exams/Midterm/Practice2/practice_program2.php on line 81
[28-Mar-2018 07:49:52 UTC] PHP Notice:  Undefined index: state_name in /home/ubuntu/workspace/Exams/Midterm/Practice2/practice_program2.php on line 81
[28-Mar-2018 07:49:52 UTC] PHP Notice:  Undefined index: state_name in /home/ubuntu/workspace/Exams/Midterm/Practice2/practice_program2.php on line 81
[28-Mar-2018 07:49:52 UTC] PHP Notice:  Undefined index: state_name in /home/ubuntu/workspace/Exams/Midterm/Practice2/practice_program2.php on line 81
[28-Mar-2018 07:49:52 UTC] PHP Notice:  Undefined index: state_name in /home/ubuntu/workspace/Exams/Midterm/Practice2/practice_program2.php on line 81
[28-Mar-2018 07:49:52 UTC] PHP Notice:  Undefined index: state_name in /home/ubuntu/workspace/Exams/Midterm/Practice2/practice_program2.php on line 81
[28-Mar-2018 07:49:52 UTC] PHP Notice:  Undefined index: state_name in /home/ubuntu/workspace/Exams/Midterm/Practice2/practice_program2.php on line 81
[28-Mar-2018 07:50:23 UTC] PHP Notice:  Undefined index: county_id in /home/ubuntu/workspace/Exams/Midterm/Practice2/practice_program2.php on line 81
[28-Mar-2018 07:50:23 UTC] PHP Notice:  Undefined index: county_id in /home/ubuntu/workspace/Exams/Midterm/Practice2/practice_program2.php on line 81
[28-Mar-2018 07:50:23 UTC] PHP Notice:  Undefined index: county_id in /home/ubuntu/workspace/Exams/Midterm/Practice2/practice_program2.php on line 81
[28-Mar-2018 07:50:23 UTC] PHP Notice:  Undefined index: county_id in /home/ubuntu/workspace/Exams/Midterm/Practice2/practice_program2.php on line 81
[28-Mar-2018 07:50:23 UTC] PHP Notice:  Undefined index: county_id in /home/ubuntu/workspace/Exams/Midterm/Practice2/practice_program2.php on line 81
[28-Mar-2018 07:50:23 UTC] PHP Notice:  Undefined index: county_id in /home/ubuntu/workspace/Exams/Midterm/Practice2/practice_program2.php on line 81
[28-Mar-2018 07:50:23 UTC] PHP Notice:  Undefined index: county_id in /home/ubuntu/workspace/Exams/Midterm/Practice2/practice_program2.php on line 81
[28-Mar-2018 07:50:49 UTC] PHP Notice:  Undefined index: county_id in /home/ubuntu/workspace/Exams/Midterm/Practice2/practice_program2.php on line 81
[28-Mar-2018 07:50:49 UTC] PHP Notice:  Undefined index: county_id in /home/ubuntu/workspace/Exams/Midterm/Practice2/practice_program2.php on line 81
[28-Mar-2018 07:50:49 UTC] PHP Notice:  Undefined index: county_id in /home/ubuntu/workspace/Exams/Midterm/Practice2/practice_program2.php on line 81
[28-Mar-2018 07:50:49 UTC] PHP Notice:  Undefined index: county_id in /home/ubuntu/workspace/Exams/Midterm/Practice2/practice_program2.php on line 81
[28-Mar-2018 07:50:49 UTC] PHP Notice:  Undefined index: county_id in /home/ubuntu/workspace/Exams/Midterm/Practice2/practice_program2.php on line 81
[28-Mar-2018 07:50:49 UTC] PHP Notice:  Undefined index: county_id in /home/ubuntu/workspace/Exams/Midterm/Practice2/practice_program2.php on line 81
[28-Mar-2018 07:50:49 UTC] PHP Notice:  Undefined index: county_id in /home/ubuntu/workspace/Exams/Midterm/Practice2/practice_program2.php on line 81
[28-Mar-2018 07:50:59 UTC] PHP Notice:  Undefined index: county_id in /home/ubuntu/workspace/Exams/Midterm/Practice2/practice_program2.php on line 81
[28-Mar-2018 07:50:59 UTC] PHP Notice:  Undefined index: county_id in /home/ubuntu/workspace/Exams/Midterm/Practice2/practice_program2.php on line 81
[28-Mar-2018 07:50:59 UTC] PHP Notice:  Undefined index: county_id in /home/ubuntu/workspace/Exams/Midterm/Practice2/practice_program2.php on line 81
[28-Mar-2018 07:50:59 UTC] PHP Notice:  Undefined index: county_id in /home/ubuntu/workspace/Exams/Midterm/Practice2/practice_program2.php on line 81
[28-Mar-2018 07:50:59 UTC] PHP Notice:  Undefined index: county_id in /home/ubuntu/workspace/Exams/Midterm/Practice2/practice_program2.php on line 81
[28-Mar-2018 07:50:59 UTC] PHP Notice:  Undefined index: county_id in /home/ubuntu/workspace/Exams/Midterm/Practice2/practice_program2.php on line 81
[28-Mar-2018 07:50:59 UTC] PHP Notice:  Undefined index: county_id in /home/ubuntu/workspace/Exams/Midterm/Practice2/practice_program2.php on line 81
[28-Mar-2018 07:59:35 UTC] PHP Notice:  Undefined index: county_id in /home/ubuntu/workspace/Exams/Midterm/Practice2/practice_program2.php on line 77
[28-Mar-2018 07:59:35 UTC] PHP Notice:  Undefined index: county_id in /home/ubuntu/workspace/Exams/Midterm/Practice2/practice_program2.php on line 77
[28-Mar-2018 07:59:35 UTC] PHP Notice:  Undefined index: county_id in /home/ubuntu/workspace/Exams/Midterm/Practice2/practice_program2.php on line 77
[28-Mar-2018 07:59:35 UTC] PHP Notice:  Undefined index: county_id in /home/ubuntu/workspace/Exams/Midterm/Practice2/practice_program2.php on line 77
[28-Mar-2018 07:59:35 UTC] PHP Notice:  Undefined index: county_id in /home/ubuntu/workspace/Exams/Midterm/Practice2/practice_program2.php on line 77
[28-Mar-2018 07:59:35 UTC] PHP Notice:  Undefined index: county_id in /home/ubuntu/workspace/Exams/Midterm/Practice2/practice_program2.php on line 77
[28-Mar-2018 07:59:35 UTC] PHP Notice:  Undefined index: county_id in /home/ubuntu/workspace/Exams/Midterm/Practice2/practice_program2.php on line 77
[28-Mar-2018 08:01:50 UTC] PHP Notice:  Undefined index: state_id in /home/ubuntu/workspace/Exams/Midterm/Practice2/practice_program2.php on line 77
[28-Mar-2018 08:01:50 UTC] PHP Notice:  Undefined variable: x in /home/ubuntu/workspace/Exams/Midterm/Practice2/practice_program2.php on line 82
[28-Mar-2018 08:01:50 UTC] PHP Notice:  Undefined index: state_id in /home/ubuntu/workspace/Exams/Midterm/Practice2/practice_program2.php on line 77
[28-Mar-2018 08:01:50 UTC] PHP Notice:  Undefined variable: x in /home/ubuntu/workspace/Exams/Midterm/Practice2/practice_program2.php on line 82
[28-Mar-2018 08:01:50 UTC] PHP Notice:  Undefined index: state_id in /home/ubuntu/workspace/Exams/Midterm/Practice2/practice_program2.php on line 77
[28-Mar-2018 08:01:50 UTC] PHP Notice:  Undefined variable: x in /home/ubuntu/workspace/Exams/Midterm/Practice2/practice_program2.php on line 82
[28-Mar-2018 08:01:50 UTC] PHP Notice:  Undefined index: state_id in /home/ubuntu/workspace/Exams/Midterm/Practice2/practice_program2.php on line 77
[28-Mar-2018 08:01:50 UTC] PHP Notice:  Undefined variable: x in /home/ubuntu/workspace/Exams/Midterm/Practice2/practice_program2.php on line 82
[28-Mar-2018 08:01:50 UTC] PHP Notice:  Undefined index: state_id in /home/ubuntu/workspace/Exams/Midterm/Practice2/practice_program2.php on line 77
[28-Mar-2018 08:01:50 UTC] PHP Notice:  Undefined variable: x in /home/ubuntu/workspace/Exams/Midterm/Practice2/practice_program2.php on line 82
[28-Mar-2018 08:01:50 UTC] PHP Notice:  Undefined index: state_id in /home/ubuntu/workspace/Exams/Midterm/Practice2/practice_program2.php on line 77
[28-Mar-2018 08:01:50 UTC] PHP Notice:  Undefined variable: x in /home/ubuntu/workspace/Exams/Midterm/Practice2/practice_program2.php on line 82
[28-Mar-2018 08:01:50 UTC] PHP Notice:  Undefined index: state_id in /home/ubuntu/workspace/Exams/Midterm/Practice2/practice_program2.php on line 77
[28-Mar-2018 08:01:50 UTC] PHP Notice:  Undefined variable: x in /home/ubuntu/workspace/Exams/Midterm/Practice2/practice_program2.php on line 82
[28-Mar-2018 08:12:45 UTC] PHP Notice:  Undefined index: state_name in /home/ubuntu/workspace/Exams/Midterm/Practice2/practice_program2.php on line 77
[28-Mar-2018 08:12:45 UTC] PHP Notice:  Undefined index: state_name in /home/ubuntu/workspace/Exams/Midterm/Practice2/practice_program2.php on line 77
[28-Mar-2018 08:12:45 UTC] PHP Notice:  Undefined index: state_name in /home/ubuntu/workspace/Exams/Midterm/Practice2/practice_program2.php on line 77
[28-Mar-2018 08:12:45 UTC] PHP Notice:  Undefined index: state_name in /home/ubuntu/workspace/Exams/Midterm/Practice2/practice_program2.php on line 77
[28-Mar-2018 08:12:45 UTC] PHP Notice:  Undefined index: state_name in /home/ubuntu/workspace/Exams/Midterm/Practice2/practice_program2.php on line 77
[28-Mar-2018 08:12:45 UTC] PHP Notice:  Undefined index: state_name in /home/ubuntu/workspace/Exams/Midterm/Practice2/practice_program2.php on line 77
[28-Mar-2018 08:12:45 UTC] PHP Notice:  Undefined index: state_name in /home/ubuntu/workspace/Exams/Midterm/Practice2/practice_program2.php on line 77
[28-Mar-2018 08:18:20 UTC] PHP Notice:  Undefined index: state_name in /home/ubuntu/workspace/Exams/Midterm/Practice2/practice_program2.php on line 78
[28-Mar-2018 08:18:20 UTC] PHP Notice:  Undefined index: state_name in /home/ubuntu/workspace/Exams/Midterm/Practice2/practice_program2.php on line 78
[28-Mar-2018 08:18:20 UTC] PHP Notice:  Undefined index: state_name in /home/ubuntu/workspace/Exams/Midterm/Practice2/practice_program2.php on line 78
[28-Mar-2018 08:18:20 UTC] PHP Notice:  Undefined index: state_name in /home/ubuntu/workspace/Exams/Midterm/Practice2/practice_program2.php on line 78
[28-Mar-2018 08:18:20 UTC] PHP Notice:  Undefined index: state_name in /home/ubuntu/workspace/Exams/Midterm/Practice2/practice_program2.php on line 78
[28-Mar-2018 08:18:20 UTC] PHP Notice:  Undefined index: state_name in /home/ubuntu/workspace/Exams/Midterm/Practice2/practice_program2.php on line 78
[28-Mar-2018 08:18:20 UTC] PHP Notice:  Undefined index: state_name in /home/ubuntu/workspace/Exams/Midterm/Practice2/practice_program2.php on line 78
[28-Mar-2018 08:19:30 UTC] PHP Notice:  Undefined index: state_name in /home/ubuntu/workspace/Exams/Midterm/Practice2/practice_program2.php on line 77
[28-Mar-2018 08:19:30 UTC] PHP Notice:  Undefined index: state_name in /home/ubuntu/workspace/Exams/Midterm/Practice2/practice_program2.php on line 77
[28-Mar-2018 08:19:30 UTC] PHP Notice:  Undefined index: state_name in /home/ubuntu/workspace/Exams/Midterm/Practice2/practice_program2.php on line 77
[28-Mar-2018 08:19:30 UTC] PHP Notice:  Undefined index: state_name in /home/ubuntu/workspace/Exams/Midterm/Practice2/practice_program2.php on line 77
[28-Mar-2018 08:19:30 UTC] PHP Notice:  Undefined index: state_name in /home/ubuntu/workspace/Exams/Midterm/Practice2/practice_program2.php on line 77
[28-Mar-2018 08:19:30 UTC] PHP Notice:  Undefined index: state_name in /home/ubuntu/workspace/Exams/Midterm/Practice2/practice_program2.php on line 77
[28-Mar-2018 08:19:30 UTC] PHP Notice:  Undefined index: state_name in /home/ubuntu/workspace/Exams/Midterm/Practice2/practice_program2.php on line 77
[28-Mar-2018 08:19:40 UTC] PHP Notice:  Undefined index: state_name in /home/ubuntu/workspace/Exams/Midterm/Practice2/practice_program2.php on line 77
[28-Mar-2018 08:19:40 UTC] PHP Notice:  Undefined index: state_name in /home/ubuntu/workspace/Exams/Midterm/Practice2/practice_program2.php on line 77
[28-Mar-2018 08:19:40 UTC] PHP Notice:  Undefined index: state_name in /home/ubuntu/workspace/Exams/Midterm/Practice2/practice_program2.php on line 77
[28-Mar-2018 08:19:40 UTC] PHP Notice:  Undefined index: state_name in /home/ubuntu/workspace/Exams/Midterm/Practice2/practice_program2.php on line 77
[28-Mar-2018 08:19:40 UTC] PHP Notice:  Undefined index: state_name in /home/ubuntu/workspace/Exams/Midterm/Practice2/practice_program2.php on line 77
[28-Mar-2018 08:19:40 UTC] PHP Notice:  Undefined index: state_name in /home/ubuntu/workspace/Exams/Midterm/Practice2/practice_program2.php on line 77
[28-Mar-2018 08:19:40 UTC] PHP Notice:  Undefined index: state_name in /home/ubuntu/workspace/Exams/Midterm/Practice2/practice_program2.php on line 77
[28-Mar-2018 08:19:49 UTC] PHP Notice:  Undefined index: state_name in /home/ubuntu/workspace/Exams/Midterm/Practice2/practice_program2.php on line 77
[28-Mar-2018 08:19:49 UTC] PHP Notice:  Undefined index: state_name in /home/ubuntu/workspace/Exams/Midterm/Practice2/practice_program2.php on line 77
[28-Mar-2018 08:19:49 UTC] PHP Notice:  Undefined index: state_name in /home/ubuntu/workspace/Exams/Midterm/Practice2/practice_program2.php on line 77
[28-Mar-2018 08:19:49 UTC] PHP Notice:  Undefined index: state_name in /home/ubuntu/workspace/Exams/Midterm/Practice2/practice_program2.php on line 77
[28-Mar-2018 08:19:49 UTC] PHP Notice:  Undefined index: state_name in /home/ubuntu/workspace/Exams/Midterm/Practice2/practice_program2.php on line 77
[28-Mar-2018 08:19:49 UTC] PHP Notice:  Undefined index: state_name in /home/ubuntu/workspace/Exams/Midterm/Practice2/practice_program2.php on line 77
[28-Mar-2018 08:19:49 UTC] PHP Notice:  Undefined index: state_name in /home/ubuntu/workspace/Exams/Midterm/Practice2/practice_program2.php on line 77
[28-Mar-2018 08:20:33 UTC] PHP Notice:  Undefined index: state_name in /home/ubuntu/workspace/Exams/Midterm/Practice2/practice_program2.php on line 77
[28-Mar-2018 08:20:33 UTC] PHP Notice:  Undefined index: state_name in /home/ubuntu/workspace/Exams/Midterm/Practice2/practice_program2.php on line 77
[28-Mar-2018 08:20:33 UTC] PHP Notice:  Undefined index: state_name in /home/ubuntu/workspace/Exams/Midterm/Practice2/practice_program2.php on line 77
[28-Mar-2018 08:20:33 UTC] PHP Notice:  Undefined index: state_name in /home/ubuntu/workspace/Exams/Midterm/Practice2/practice_program2.php on line 77
[28-Mar-2018 08:20:33 UTC] PHP Notice:  Undefined index: state_name in /home/ubuntu/workspace/Exams/Midterm/Practice2/practice_program2.php on line 77
[28-Mar-2018 08:20:33 UTC] PHP Notice:  Undefined index: state_name in /home/ubuntu/workspace/Exams/Midterm/Practice2/practice_program2.php on line 77
[28-Mar-2018 08:20:33 UTC] PHP Notice:  Undefined index: state_name in /home/ubuntu/workspace/Exams/Midterm/Practice2/practice_program2.php on line 77
[28-Mar-2018 08:22:04 UTC] PHP Notice:  Undefined index: state_name in /home/ubuntu/workspace/Exams/Midterm/Practice2/practice_program2.php on line 77
[28-Mar-2018 08:22:04 UTC] PHP Notice:  Undefined index: state_name in /home/ubuntu/workspace/Exams/Midterm/Practice2/practice_program2.php on line 77
[28-Mar-2018 08:22:04 UTC] PHP Notice:  Undefined index: state_name in /home/ubuntu/workspace/Exams/Midterm/Practice2/practice_program2.php on line 77
[28-Mar-2018 08:22:04 UTC] PHP Notice:  Undefined index: state_name in /home/ubuntu/workspace/Exams/Midterm/Practice2/practice_program2.php on line 77
[28-Mar-2018 08:22:04 UTC] PHP Notice:  Undefined index: state_name in /home/ubuntu/workspace/Exams/Midterm/Practice2/practice_program2.php on line 77
[28-Mar-2018 08:22:04 UTC] PHP Notice:  Undefined index: state_name in /home/ubuntu/workspace/Exams/Midterm/Practice2/practice_program2.php on line 77
[28-Mar-2018 08:22:04 UTC] PHP Notice:  Undefined index: state_name in /home/ubuntu/workspace/Exams/Midterm/Practice2/practice_program2.php on line 77
[28-Mar-2018 08:34:43 UTC] PHP Fatal error:  Uncaught PDOException: SQLSTATE[42000]: Syntax error or access violation: 1064 You have an error in your SQL syntax; check the manual that corresponds to your MySQL server version for the right syntax to use near 'OUTER JOIN mp_county ON mp_town.county_id = mp_county.county_id' at line 2 in /home/ubuntu/workspace/Exams/Midterm/Practice2/practice_program2.php:105
Stack trace:
#0 /home/ubuntu/workspace/Exams/Midterm/Practice2/practice_program2.php(105): PDOStatement->execute()
#1 {main}
  thrown in /home/ubuntu/workspace/Exams/Midterm/Practice2/practice_program2.php on line 105
[28-Mar-2018 08:40:03 UTC] PHP Fatal error:  Uncaught PDOException: SQLSTATE[42000]: Syntax error or access violation: 1064 You have an error in your SQL syntax; check the manual that corresponds to your MySQL server version for the right syntax to use near 'mp_town.county_id' at line 3 in /home/ubuntu/workspace/Exams/Midterm/Practice2/practice_program2.php:106
Stack trace:
#0 /home/ubuntu/workspace/Exams/Midterm/Practice2/practice_program2.php(106): PDOStatement->execute()
#1 {main}
  thrown in /home/ubuntu/workspace/Exams/Midterm/Practice2/practice_program2.php on line 106
[28-Mar-2018 08:43:16 UTC] PHP Fatal error:  Uncaught PDOException: SQLSTATE[42000]: Syntax error or access violation: 1066 Not unique table/alias: 'mp_county' in /home/ubuntu/workspace/Exams/Midterm/Practice2/practice_program2.php:106
Stack trace:
#0 /home/ubuntu/workspace/Exams/Midterm/Practice2/practice_program2.php(106): PDOStatement->execute()
#1 {main}
  thrown in /home/ubuntu/workspace/Exams/Midterm/Practice2/practice_program2.php on line 106
[28-Mar-2018 08:44:08 UTC] PHP Fatal error:  Uncaught PDOException: SQLSTATE[42000]: Syntax error or access violation: 1064 You have an error in your SQL syntax; check the manual that corresponds to your MySQL server version for the right syntax to use near 'mp_town.county_id' at line 2 in /home/ubuntu/workspace/Exams/Midterm/Practice2/practice_program2.php:105
Stack trace:
#0 /home/ubuntu/workspace/Exams/Midterm/Practice2/practice_program2.php(105): PDOStatement->execute()
#1 {main}
  thrown in /home/ubuntu/workspace/Exams/Midterm/Practice2/practice_program2.php on line 105
[28-Mar-2018 08:44:39 UTC] PHP Fatal error:  Uncaught PDOException: SQLSTATE[42000]: Syntax error or access violation: 1064 You have an error in your SQL syntax; check the manual that corresponds to your MySQL server version for the right syntax to use near 'mp_town.county_id' at line 2 in /home/ubuntu/workspace/Exams/Midterm/Practice2/practice_program2.php:105
Stack trace:
#0 /home/ubuntu/workspace/Exams/Midterm/Practice2/practice_program2.php(105): PDOStatement->execute()
#1 {main}
  thrown in /home/ubuntu/workspace/Exams/Midterm/Practice2/practice_program2.php on line 105
