[12-Feb-2018 17:17:20 UTC] PHP Parse error:  syntax error, unexpected '}', expecting ',' or ';' in /home/ubuntu/workspace/Challenges/challenge.php on line 30
[12-Feb-2018 17:18:39 UTC] PHP Parse error:  syntax error, unexpected '}', expecting ',' or ';' in /home/ubuntu/workspace/Challenges/challenge.php on line 30
[26-Mar-2018 05:59:38 UTC] PHP Parse error:  syntax error, unexpected end of file in /home/ubuntu/workspace/Team_Project/index.php on line 85
[26-Mar-2018 05:59:41 UTC] PHP Parse error:  syntax error, unexpected end of file in /home/ubuntu/workspace/Team_Project/index.php on line 85
[26-Mar-2018 06:00:32 UTC] PHP Parse error:  syntax error, unexpected end of file in /home/ubuntu/workspace/Team_Project/index.php on line 85
[26-Mar-2018 06:01:01 UTC] PHP Parse error:  syntax error, unexpected end of file in /home/ubuntu/workspace/Team_Project/index.php on line 85
[26-Mar-2018 06:27:36 UTC] PHP Notice:  A session had already been started - ignoring session_start() in /home/ubuntu/workspace/Team_Project/index.php on line 25
[26-Mar-2018 06:27:36 UTC] PHP Notice:  Undefined variable: dbConn in /home/ubuntu/workspace/Team_Project/index.php on line 89
[26-Mar-2018 06:27:36 UTC] PHP Fatal error:  Uncaught Error: Call to a member function prepare() on null in /home/ubuntu/workspace/Team_Project/index.php:89
Stack trace:
#0 {main}
  thrown in /home/ubuntu/workspace/Team_Project/index.php on line 89
[26-Mar-2018 06:27:42 UTC] PHP Notice:  A session had already been started - ignoring session_start() in /home/ubuntu/workspace/Team_Project/index.php on line 25
[26-Mar-2018 06:27:42 UTC] PHP Notice:  Undefined variable: dbConn in /home/ubuntu/workspace/Team_Project/index.php on line 89
[26-Mar-2018 06:27:42 UTC] PHP Fatal error:  Uncaught Error: Call to a member function prepare() on null in /home/ubuntu/workspace/Team_Project/index.php:89
Stack trace:
#0 {main}
  thrown in /home/ubuntu/workspace/Team_Project/index.php on line 89
[26-Mar-2018 06:28:25 UTC] PHP Notice:  A session had already been started - ignoring session_start() in /home/ubuntu/workspace/Team_Project/index.php on line 25
[26-Mar-2018 06:28:25 UTC] PHP Notice:  Undefined variable: dbConn in /home/ubuntu/workspace/Team_Project/index.php on line 89
[26-Mar-2018 06:28:25 UTC] PHP Fatal error:  Uncaught Error: Call to a member function prepare() on null in /home/ubuntu/workspace/Team_Project/index.php:89
Stack trace:
#0 {main}
  thrown in /home/ubuntu/workspace/Team_Project/index.php on line 89
[26-Mar-2018 06:28:30 UTC] PHP Notice:  A session had already been started - ignoring session_start() in /home/ubuntu/workspace/Team_Project/index.php on line 25
[26-Mar-2018 06:28:30 UTC] PHP Notice:  Undefined variable: dbConn in /home/ubuntu/workspace/Team_Project/index.php on line 89
[26-Mar-2018 06:28:30 UTC] PHP Fatal error:  Uncaught Error: Call to a member function prepare() on null in /home/ubuntu/workspace/Team_Project/index.php:89
Stack trace:
#0 {main}
  thrown in /home/ubuntu/workspace/Team_Project/index.php on line 89
[26-Mar-2018 06:31:28 UTC] PHP Notice:  A session had already been started - ignoring session_start() in /home/ubuntu/workspace/Team_Project/index.php on line 25
[26-Mar-2018 06:31:28 UTC] PHP Notice:  Undefined variable: dbConn in /home/ubuntu/workspace/Team_Project/index.php on line 89
[26-Mar-2018 06:31:28 UTC] PHP Fatal error:  Uncaught Error: Call to a member function prepare() on null in /home/ubuntu/workspace/Team_Project/index.php:89
Stack trace:
#0 {main}
  thrown in /home/ubuntu/workspace/Team_Project/index.php on line 89
[26-Mar-2018 06:34:41 UTC] PHP Notice:  A session had already been started - ignoring session_start() in /home/ubuntu/workspace/Team_Project/index.php on line 25
[26-Mar-2018 06:34:41 UTC] PHP Notice:  Undefined variable: dbConn in /home/ubuntu/workspace/Team_Project/index.php on line 89
[26-Mar-2018 06:34:41 UTC] PHP Fatal error:  Uncaught Error: Call to a member function prepare() on null in /home/ubuntu/workspace/Team_Project/index.php:89
Stack trace:
#0 {main}
  thrown in /home/ubuntu/workspace/Team_Project/index.php on line 89
[26-Mar-2018 06:34:45 UTC] PHP Notice:  A session had already been started - ignoring session_start() in /home/ubuntu/workspace/Team_Project/index.php on line 25
[26-Mar-2018 06:34:45 UTC] PHP Notice:  Undefined variable: dbConn in /home/ubuntu/workspace/Team_Project/index.php on line 89
[26-Mar-2018 06:34:45 UTC] PHP Fatal error:  Uncaught Error: Call to a member function prepare() on null in /home/ubuntu/workspace/Team_Project/index.php:89
Stack trace:
#0 {main}
  thrown in /home/ubuntu/workspace/Team_Project/index.php on line 89
