[12-May-2018 00:35:47 UTC] PHP Notice:  Use of undefined constant data - assumed 'data' in /home/ubuntu/workspace/final/2018-05-11/index.php on line 78
[12-May-2018 00:35:47 UTC] PHP Fatal error:  Uncaught PDOException: SQLSTATE[3D000]: Invalid catalog name: 1046 No database selected in /home/ubuntu/workspace/final/2018-05-11/index.php:87
Stack trace:
#0 /home/ubuntu/workspace/final/2018-05-11/index.php(87): PDOStatement->execute()
#1 {main}
  thrown in /home/ubuntu/workspace/final/2018-05-11/index.php on line 87
[12-May-2018 00:38:06 UTC] PHP Notice:  Use of undefined constant data - assumed 'data' in /home/ubuntu/workspace/final/2018-05-11/index.php on line 78
[12-May-2018 00:38:06 UTC] PHP Fatal error:  Uncaught PDOException: SQLSTATE[3D000]: Invalid catalog name: 1046 No database selected in /home/ubuntu/workspace/final/2018-05-11/index.php:87
Stack trace:
#0 /home/ubuntu/workspace/final/2018-05-11/index.php(87): PDOStatement->execute()
#1 {main}
  thrown in /home/ubuntu/workspace/final/2018-05-11/index.php on line 87
[12-May-2018 00:38:36 UTC] PHP Notice:  Use of undefined constant data - assumed 'data' in /home/ubuntu/workspace/final/2018-05-11/index.php on line 78
[12-May-2018 00:38:36 UTC] PHP Fatal error:  Uncaught PDOException: SQLSTATE[3D000]: Invalid catalog name: 1046 No database selected in /home/ubuntu/workspace/final/2018-05-11/index.php:87
Stack trace:
#0 /home/ubuntu/workspace/final/2018-05-11/index.php(87): PDOStatement->execute()
#1 {main}
  thrown in /home/ubuntu/workspace/final/2018-05-11/index.php on line 87
[12-May-2018 00:38:55 UTC] PHP Notice:  Use of undefined constant data - assumed 'data' in /home/ubuntu/workspace/final/2018-05-11/index.php on line 78
[12-May-2018 00:38:55 UTC] PHP Fatal error:  Uncaught PDOException: SQLSTATE[3D000]: Invalid catalog name: 1046 No database selected in /home/ubuntu/workspace/final/2018-05-11/index.php:87
Stack trace:
#0 /home/ubuntu/workspace/final/2018-05-11/index.php(87): PDOStatement->execute()
#1 {main}
  thrown in /home/ubuntu/workspace/final/2018-05-11/index.php on line 87
[12-May-2018 00:41:36 UTC] PHP Notice:  Use of undefined constant data - assumed 'data' in /home/ubuntu/workspace/final/2018-05-11/index.php on line 78
[12-May-2018 00:41:36 UTC] PHP Fatal error:  Uncaught PDOException: SQLSTATE[3D000]: Invalid catalog name: 1046 No database selected in /home/ubuntu/workspace/final/2018-05-11/index.php:87
Stack trace:
#0 /home/ubuntu/workspace/final/2018-05-11/index.php(87): PDOStatement->execute()
#1 {main}
  thrown in /home/ubuntu/workspace/final/2018-05-11/index.php on line 87
[12-May-2018 00:42:50 UTC] PHP Notice:  Use of undefined constant data - assumed 'data' in /home/ubuntu/workspace/final/2018-05-11/index.php on line 78
[12-May-2018 00:42:50 UTC] PHP Fatal error:  Uncaught PDOException: SQLSTATE[3D000]: Invalid catalog name: 1046 No database selected in /home/ubuntu/workspace/final/2018-05-11/index.php:87
Stack trace:
#0 /home/ubuntu/workspace/final/2018-05-11/index.php(87): PDOStatement->execute()
#1 {main}
  thrown in /home/ubuntu/workspace/final/2018-05-11/index.php on line 87
[12-May-2018 00:47:04 UTC] PHP Notice:  Use of undefined constant data - assumed 'data' in /home/ubuntu/workspace/final/2018-05-11/index.php on line 78
[12-May-2018 00:47:04 UTC] PHP Fatal error:  Uncaught PDOException: SQLSTATE[3D000]: Invalid catalog name: 1046 No database selected in /home/ubuntu/workspace/final/2018-05-11/index.php:87
Stack trace:
#0 /home/ubuntu/workspace/final/2018-05-11/index.php(87): PDOStatement->execute()
#1 {main}
  thrown in /home/ubuntu/workspace/final/2018-05-11/index.php on line 87
[12-May-2018 00:47:10 UTC] PHP Notice:  Use of undefined constant data - assumed 'data' in /home/ubuntu/workspace/final/2018-05-11/index.php on line 78
[12-May-2018 00:47:10 UTC] PHP Fatal error:  Uncaught PDOException: SQLSTATE[3D000]: Invalid catalog name: 1046 No database selected in /home/ubuntu/workspace/final/2018-05-11/index.php:87
Stack trace:
#0 /home/ubuntu/workspace/final/2018-05-11/index.php(87): PDOStatement->execute()
#1 {main}
  thrown in /home/ubuntu/workspace/final/2018-05-11/index.php on line 87
[12-May-2018 00:53:58 UTC] PHP Notice:  Use of undefined constant data - assumed 'data' in /home/ubuntu/workspace/final/2018-05-11/index.php on line 83
[12-May-2018 00:53:59 UTC] PHP Fatal error:  Uncaught PDOException: SQLSTATE[3D000]: Invalid catalog name: 1046 No database selected in /home/ubuntu/workspace/final/2018-05-11/index.php:92
Stack trace:
#0 /home/ubuntu/workspace/final/2018-05-11/index.php(92): PDOStatement->execute()
#1 {main}
  thrown in /home/ubuntu/workspace/final/2018-05-11/index.php on line 92
[12-May-2018 01:17:32 UTC] PHP Notice:  Undefined variable: startDate in /home/ubuntu/workspace/final/2018-05-11/test.php on line 43
[12-May-2018 01:17:32 UTC] PHP Notice:  Undefined variable: endDate in /home/ubuntu/workspace/final/2018-05-11/test.php on line 43
[12-May-2018 01:20:30 UTC] PHP Notice:  Undefined variable: startDate in /home/ubuntu/workspace/final/2018-05-11/test.php on line 43
[12-May-2018 01:20:30 UTC] PHP Notice:  Undefined variable: endDate in /home/ubuntu/workspace/final/2018-05-11/test.php on line 43
[12-May-2018 01:20:30 UTC] PHP Fatal error:  Uncaught PDOException: SQLSTATE[3D000]: Invalid catalog name: 1046 No database selected in /home/ubuntu/workspace/final/2018-05-11/test.php:45
Stack trace:
#0 /home/ubuntu/workspace/final/2018-05-11/test.php(45): PDOStatement->execute()
#1 {main}
  thrown in /home/ubuntu/workspace/final/2018-05-11/test.php on line 45
[12-May-2018 01:22:08 UTC] PHP Notice:  Undefined variable: startDate in /home/ubuntu/workspace/final/2018-05-11/test.php on line 45
[12-May-2018 01:22:08 UTC] PHP Notice:  Undefined variable: endDate in /home/ubuntu/workspace/final/2018-05-11/test.php on line 45
[12-May-2018 01:22:08 UTC] PHP Fatal error:  Uncaught PDOException: SQLSTATE[3D000]: Invalid catalog name: 1046 No database selected in /home/ubuntu/workspace/final/2018-05-11/test.php:47
Stack trace:
#0 /home/ubuntu/workspace/final/2018-05-11/test.php(47): PDOStatement->execute()
#1 {main}
  thrown in /home/ubuntu/workspace/final/2018-05-11/test.php on line 47
[12-May-2018 01:22:12 UTC] PHP Fatal error:  Uncaught PDOException: SQLSTATE[3D000]: Invalid catalog name: 1046 No database selected in /home/ubuntu/workspace/final/2018-05-11/test.php:47
Stack trace:
#0 /home/ubuntu/workspace/final/2018-05-11/test.php(47): PDOStatement->execute()
#1 {main}
  thrown in /home/ubuntu/workspace/final/2018-05-11/test.php on line 47
[12-May-2018 01:34:47 UTC] PHP Notice:  Undefined variable: startDate in /home/ubuntu/workspace/final/2018-05-11/schedule.php on line 56
[12-May-2018 01:34:47 UTC] PHP Notice:  Undefined variable: endDate in /home/ubuntu/workspace/final/2018-05-11/schedule.php on line 56
[12-May-2018 01:34:47 UTC] PHP Fatal error:  Uncaught PDOException: SQLSTATE[3D000]: Invalid catalog name: 1046 No database selected in /home/ubuntu/workspace/final/2018-05-11/schedule.php:58
Stack trace:
#0 /home/ubuntu/workspace/final/2018-05-11/schedule.php(58): PDOStatement->execute()
#1 {main}
  thrown in /home/ubuntu/workspace/final/2018-05-11/schedule.php on line 58
[12-May-2018 01:34:49 UTC] PHP Fatal error:  Uncaught PDOException: SQLSTATE[3D000]: Invalid catalog name: 1046 No database selected in /home/ubuntu/workspace/final/2018-05-11/schedule.php:58
Stack trace:
#0 /home/ubuntu/workspace/final/2018-05-11/schedule.php(58): PDOStatement->execute()
#1 {main}
  thrown in /home/ubuntu/workspace/final/2018-05-11/schedule.php on line 58
[12-May-2018 01:35:42 UTC] PHP Fatal error:  Uncaught PDOException: SQLSTATE[3D000]: Invalid catalog name: 1046 No database selected in /home/ubuntu/workspace/final/2018-05-11/schedule.php:58
Stack trace:
#0 /home/ubuntu/workspace/final/2018-05-11/schedule.php(58): PDOStatement->execute()
#1 {main}
  thrown in /home/ubuntu/workspace/final/2018-05-11/schedule.php on line 58
[12-May-2018 01:35:43 UTC] PHP Fatal error:  Uncaught PDOException: SQLSTATE[3D000]: Invalid catalog name: 1046 No database selected in /home/ubuntu/workspace/final/2018-05-11/schedule.php:58
Stack trace:
#0 /home/ubuntu/workspace/final/2018-05-11/schedule.php(58): PDOStatement->execute()
#1 {main}
  thrown in /home/ubuntu/workspace/final/2018-05-11/schedule.php on line 58
[12-May-2018 01:35:46 UTC] PHP Fatal error:  Uncaught PDOException: SQLSTATE[3D000]: Invalid catalog name: 1046 No database selected in /home/ubuntu/workspace/final/2018-05-11/schedule.php:58
Stack trace:
#0 /home/ubuntu/workspace/final/2018-05-11/schedule.php(58): PDOStatement->execute()
#1 {main}
  thrown in /home/ubuntu/workspace/final/2018-05-11/schedule.php on line 58
[12-May-2018 01:37:26 UTC] PHP Fatal error:  Uncaught PDOException: SQLSTATE[3D000]: Invalid catalog name: 1046 No database selected in /home/ubuntu/workspace/final/2018-05-11/schedule.php:58
Stack trace:
#0 /home/ubuntu/workspace/final/2018-05-11/schedule.php(58): PDOStatement->execute()
#1 {main}
  thrown in /home/ubuntu/workspace/final/2018-05-11/schedule.php on line 58
[12-May-2018 01:37:31 UTC] PHP Fatal error:  Uncaught PDOException: SQLSTATE[3D000]: Invalid catalog name: 1046 No database selected in /home/ubuntu/workspace/final/2018-05-11/schedule.php:58
Stack trace:
#0 /home/ubuntu/workspace/final/2018-05-11/schedule.php(58): PDOStatement->execute()
#1 {main}
  thrown in /home/ubuntu/workspace/final/2018-05-11/schedule.php on line 58
[12-May-2018 01:38:18 UTC] PHP Fatal error:  Uncaught PDOException: SQLSTATE[3D000]: Invalid catalog name: 1046 No database selected in /home/ubuntu/workspace/final/2018-05-11/schedule.php:58
Stack trace:
#0 /home/ubuntu/workspace/final/2018-05-11/schedule.php(58): PDOStatement->execute()
#1 {main}
  thrown in /home/ubuntu/workspace/final/2018-05-11/schedule.php on line 58
