[21-Feb-2018 17:46:38 UTC] PHP Warning:  array_push() expects at least 2 parameters, 1 given in /home/ubuntu/workspace/Labs/Lab3/functions.php on line 18
[21-Feb-2018 17:46:38 UTC] PHP Stack trace:
[21-Feb-2018 17:46:38 UTC] PHP   1. {main}() /home/ubuntu/workspace/Labs/Lab3/functions.php:0
[21-Feb-2018 17:46:38 UTC] PHP   2. array_push() /home/ubuntu/workspace/Labs/Lab3/functions.php:18
[21-Feb-2018 17:46:38 UTC] PHP Warning:  array_push() expects at least 2 parameters, 1 given in /home/ubuntu/workspace/Labs/Lab3/functions.php on line 18
[21-Feb-2018 17:46:38 UTC] PHP Stack trace:
[21-Feb-2018 17:46:38 UTC] PHP   1. {main}() /home/ubuntu/workspace/Labs/Lab3/functions.php:0
[21-Feb-2018 17:46:38 UTC] PHP   2. array_push() /home/ubuntu/workspace/Labs/Lab3/functions.php:18
[21-Feb-2018 17:46:38 UTC] PHP Warning:  array_push() expects at least 2 parameters, 1 given in /home/ubuntu/workspace/Labs/Lab3/functions.php on line 18
[21-Feb-2018 17:46:38 UTC] PHP Stack trace:
[21-Feb-2018 17:46:38 UTC] PHP   1. {main}() /home/ubuntu/workspace/Labs/Lab3/functions.php:0
[21-Feb-2018 17:46:38 UTC] PHP   2. array_push() /home/ubuntu/workspace/Labs/Lab3/functions.php:18
[21-Feb-2018 17:46:38 UTC] PHP Warning:  array_push() expects at least 2 parameters, 1 given in /home/ubuntu/workspace/Labs/Lab3/functions.php on line 18
[21-Feb-2018 17:46:38 UTC] PHP Stack trace:
[21-Feb-2018 17:46:38 UTC] PHP   1. {main}() /home/ubuntu/workspace/Labs/Lab3/functions.php:0
[21-Feb-2018 17:46:38 UTC] PHP   2. array_push() /home/ubuntu/workspace/Labs/Lab3/functions.php:18
[21-Feb-2018 17:46:38 UTC] PHP Warning:  array_push() expects at least 2 parameters, 1 given in /home/ubuntu/workspace/Labs/Lab3/functions.php on line 18
[21-Feb-2018 17:46:38 UTC] PHP Stack trace:
[21-Feb-2018 17:46:38 UTC] PHP   1. {main}() /home/ubuntu/workspace/Labs/Lab3/functions.php:0
[21-Feb-2018 17:46:38 UTC] PHP   2. array_push() /home/ubuntu/workspace/Labs/Lab3/functions.php:18
[21-Feb-2018 17:46:38 UTC] PHP Warning:  array_push() expects at least 2 parameters, 1 given in /home/ubuntu/workspace/Labs/Lab3/functions.php on line 18
[21-Feb-2018 17:46:38 UTC] PHP Stack trace:
[21-Feb-2018 17:46:38 UTC] PHP   1. {main}() /home/ubuntu/workspace/Labs/Lab3/functions.php:0
[21-Feb-2018 17:46:38 UTC] PHP   2. array_push() /home/ubuntu/workspace/Labs/Lab3/functions.php:18
[21-Feb-2018 17:46:38 UTC] PHP Warning:  array_push() expects at least 2 parameters, 1 given in /home/ubuntu/workspace/Labs/Lab3/functions.php on line 18
[21-Feb-2018 17:46:38 UTC] PHP Stack trace:
[21-Feb-2018 17:46:38 UTC] PHP   1. {main}() /home/ubuntu/workspace/Labs/Lab3/functions.php:0
[21-Feb-2018 17:46:38 UTC] PHP   2. array_push() /home/ubuntu/workspace/Labs/Lab3/functions.php:18
[21-Feb-2018 17:46:38 UTC] PHP Warning:  array_push() expects at least 2 parameters, 1 given in /home/ubuntu/workspace/Labs/Lab3/functions.php on line 18
[21-Feb-2018 17:46:38 UTC] PHP Stack trace:
[21-Feb-2018 17:46:38 UTC] PHP   1. {main}() /home/ubuntu/workspace/Labs/Lab3/functions.php:0
[21-Feb-2018 17:46:38 UTC] PHP   2. array_push() /home/ubuntu/workspace/Labs/Lab3/functions.php:18
[21-Feb-2018 17:46:38 UTC] PHP Warning:  array_push() expects at least 2 parameters, 1 given in /home/ubuntu/workspace/Labs/Lab3/functions.php on line 18
[21-Feb-2018 17:46:38 UTC] PHP Stack trace:
[21-Feb-2018 17:46:38 UTC] PHP   1. {main}() /home/ubuntu/workspace/Labs/Lab3/functions.php:0
[21-Feb-2018 17:46:38 UTC] PHP   2. array_push() /home/ubuntu/workspace/Labs/Lab3/functions.php:18
[21-Feb-2018 17:46:38 UTC] PHP Warning:  array_push() expects at least 2 parameters, 1 given in /home/ubuntu/workspace/Labs/Lab3/functions.php on line 18
[21-Feb-2018 17:46:38 UTC] PHP Stack trace:
[21-Feb-2018 17:46:38 UTC] PHP   1. {main}() /home/ubuntu/workspace/Labs/Lab3/functions.php:0
[21-Feb-2018 17:46:38 UTC] PHP   2. array_push() /home/ubuntu/workspace/Labs/Lab3/functions.php:18
[21-Feb-2018 17:46:38 UTC] PHP Warning:  array_push() expects at least 2 parameters, 1 given in /home/ubuntu/workspace/Labs/Lab3/functions.php on line 18
[21-Feb-2018 17:46:38 UTC] PHP Stack trace:
[21-Feb-2018 17:46:38 UTC] PHP   1. {main}() /home/ubuntu/workspace/Labs/Lab3/functions.php:0
[21-Feb-2018 17:46:38 UTC] PHP   2. array_push() /home/ubuntu/workspace/Labs/Lab3/functions.php:18
[21-Feb-2018 17:46:38 UTC] PHP Warning:  array_push() expects at least 2 parameters, 1 given in /home/ubuntu/workspace/Labs/Lab3/functions.php on line 18
[21-Feb-2018 17:46:38 UTC] PHP Stack trace:
[21-Feb-2018 17:46:38 UTC] PHP   1. {main}() /home/ubuntu/workspace/Labs/Lab3/functions.php:0
[21-Feb-2018 17:46:38 UTC] PHP   2. array_push() /home/ubuntu/workspace/Labs/Lab3/functions.php:18
[12-Mar-2018 06:42:45 UTC] PHP Fatal error:  Uncaught exception 'PDOException' with message 'SQLSTATE[42000]: Syntax error or access violation: 1064 You have an error in your SQL syntax; check the manual that corresponds to your MySQL server version for the right syntax to use near 'AND deviceType 
                // LIKE ''' at line 4' in /home/ubuntu/workspace/Labs/Lab4/index.php:60
Stack trace:
#0 /home/ubuntu/workspace/Labs/Lab4/index.php(60): PDOStatement->execute()
#1 {main}
  thrown in /home/ubuntu/workspace/Labs/Lab4/index.php on line 60
[12-Mar-2018 06:43:00 UTC] PHP Fatal error:  Uncaught exception 'PDOException' with message 'SQLSTATE[42000]: Syntax error or access violation: 1064 You have an error in your SQL syntax; check the manual that corresponds to your MySQL server version for the right syntax to use near 'AND deviceType 
                LIKE ''' at line 4' in /home/ubuntu/workspace/Labs/Lab4/index.php:60
Stack trace:
#0 /home/ubuntu/workspace/Labs/Lab4/index.php(60): PDOStatement->execute()
#1 {main}
  thrown in /home/ubuntu/workspace/Labs/Lab4/index.php on line 60
[12-Mar-2018 06:46:47 UTC] PHP Fatal error:  Uncaught exception 'PDOException' with message 'SQLSTATE[42000]: Syntax error or access violation: 1064 You have an error in your SQL syntax; check the manual that corresponds to your MySQL server version for the right syntax to use near 'LIKE 'checkout')
                AND deviceType 
                LIKE 'laptop'' at line 3' in /home/ubuntu/workspace/Labs/Lab4/index.php:61
Stack trace:
#0 /home/ubuntu/workspace/Labs/Lab4/index.php(61): PDOStatement->execute()
#1 {main}
  thrown in /home/ubuntu/workspace/Labs/Lab4/index.php on line 61
[12-Mar-2018 06:47:12 UTC] PHP Fatal error:  Uncaught exception 'PDOException' with message 'SQLSTATE[42000]: Syntax error or access violation: 1064 You have an error in your SQL syntax; check the manual that corresponds to your MySQL server version for the right syntax to use near 'LIKE 'checkout')
                AND deviceType 
                LIKE 'laptop'' at line 3' in /home/ubuntu/workspace/Labs/Lab4/index.php:62
Stack trace:
#0 /home/ubuntu/workspace/Labs/Lab4/index.php(62): PDOStatement->execute()
#1 {main}
  thrown in /home/ubuntu/workspace/Labs/Lab4/index.php on line 62
[12-Mar-2018 06:48:41 UTC] PHP Fatal error:  Uncaught exception 'PDOException' with message 'SQLSTATE[42000]: Syntax error or access violation: 1064 You have an error in your SQL syntax; check the manual that corresponds to your MySQL server version for the right syntax to use near 'LIKE 'checkout')
                AND deviceType 
                LIKE 'laptop'' at line 3' in /home/ubuntu/workspace/Labs/Lab4/index.php:62
Stack trace:
#0 /home/ubuntu/workspace/Labs/Lab4/index.php(62): PDOStatement->execute()
#1 {main}
  thrown in /home/ubuntu/workspace/Labs/Lab4/index.php on line 62
[12-Mar-2018 06:52:16 UTC] PHP Fatal error:  Uncaught exception 'PDOException' with message 'SQLSTATE[42000]: Syntax error or access violation: 1064 You have an error in your SQL syntax; check the manual that corresponds to your MySQL server version for the right syntax to use near 'LIKE 'checkout')
                AND deviceType 
                LIKE 'laptop'' at line 3' in /home/ubuntu/workspace/Labs/Lab4/index.php:62
Stack trace:
#0 /home/ubuntu/workspace/Labs/Lab4/index.php(62): PDOStatement->execute()
#1 {main}
  thrown in /home/ubuntu/workspace/Labs/Lab4/index.php on line 62
[12-Mar-2018 07:01:50 UTC] PHP Fatal error:  Uncaught exception 'PDOException' with message 'SQLSTATE[42000]: Syntax error or access violation: 1064 You have an error in your SQL syntax; check the manual that corresponds to your MySQL server version for the right syntax to use near 'LIKE '*')
                AND deviceType 
                LIKE 'laptop'' at line 3' in /home/ubuntu/workspace/Labs/Lab4/index.php:62
Stack trace:
#0 /home/ubuntu/workspace/Labs/Lab4/index.php(62): PDOStatement->execute()
#1 {main}
  thrown in /home/ubuntu/workspace/Labs/Lab4/index.php on line 62
[12-Mar-2018 07:03:07 UTC] PHP Fatal error:  Uncaught exception 'PDOException' with message 'SQLSTATE[42000]: Syntax error or access violation: 1064 You have an error in your SQL syntax; check the manual that corresponds to your MySQL server version for the right syntax to use near 'LIKE '*')
                AND deviceType 
                LIKE 'laptop'' at line 3' in /home/ubuntu/workspace/Labs/Lab4/index.php:62
Stack trace:
#0 /home/ubuntu/workspace/Labs/Lab4/index.php(62): PDOStatement->execute()
#1 {main}
  thrown in /home/ubuntu/workspace/Labs/Lab4/index.php on line 62
[12-Mar-2018 08:06:06 UTC] PHP Fatal error:  Uncaught exception 'PDOException' with message 'SQLSTATE[42000]: Syntax error or access violation: 1064 You have an error in your SQL syntax; check the manual that corresponds to your MySQL server version for the right syntax to use near '* ASC' at line 7' in /home/ubuntu/workspace/Labs/Lab4/index.php:84
Stack trace:
#0 /home/ubuntu/workspace/Labs/Lab4/index.php(84): PDOStatement->execute()
#1 {main}
  thrown in /home/ubuntu/workspace/Labs/Lab4/index.php on line 84
[12-Mar-2018 08:16:28 UTC] PHP Fatal error:  Uncaught exception 'PDOException' with message 'SQLSTATE[42000]: Syntax error or access violation: 1064 You have an error in your SQL syntax; check the manual that corresponds to your MySQL server version for the right syntax to use near 'WHERE (status LIKE 'available' OR status LIKE 'checkout')
                AND
  ' at line 3' in /home/ubuntu/workspace/Labs/Lab4/index.php:84
Stack trace:
#0 /home/ubuntu/workspace/Labs/Lab4/index.php(84): PDOStatement->execute()
#1 {main}
  thrown in /home/ubuntu/workspace/Labs/Lab4/index.php on line 84
[12-Mar-2018 16:15:01 UTC] PHP Fatal error:  Uncaught PDOException: SQLSTATE[42000]: Syntax error or access violation: 1064 You have an error in your SQL syntax; check the manual that corresponds to your MySQL server version for the right syntax to use near '* DESC' at line 7 in /home/ubuntu/workspace/Labs/Lab4/index.php:85
Stack trace:
#0 /home/ubuntu/workspace/Labs/Lab4/index.php(85): PDOStatement->execute()
#1 {main}
  thrown in /home/ubuntu/workspace/Labs/Lab4/index.php on line 85
[13-Mar-2018 01:44:30 UTC] PHP Fatal error:  Uncaught PDOException: SQLSTATE[42000]: Syntax error or access violation: 1064 You have an error in your SQL syntax; check the manual that corresponds to your MySQL server version for the right syntax to use near '* DESC' at line 7 in /home/ubuntu/workspace/Labs/Lab4/index.php:85
Stack trace:
#0 /home/ubuntu/workspace/Labs/Lab4/index.php(85): PDOStatement->execute()
#1 {main}
  thrown in /home/ubuntu/workspace/Labs/Lab4/index.php on line 85
[13-Mar-2018 02:00:12 UTC] PHP Fatal error:  Uncaught PDOException: SQLSTATE[42000]: Syntax error or access violation: 1064 You have an error in your SQL syntax; check the manual that corresponds to your MySQL server version for the right syntax to use near '* DESC' at line 7 in /home/ubuntu/workspace/Labs/Lab4/index.php:85
Stack trace:
#0 /home/ubuntu/workspace/Labs/Lab4/index.php(85): PDOStatement->execute()
#1 {main}
  thrown in /home/ubuntu/workspace/Labs/Lab4/index.php on line 85
[13-Mar-2018 02:24:05 UTC] PHP Fatal error:  Uncaught PDOException: SQLSTATE[42000]: Syntax error or access violation: 1064 You have an error in your SQL syntax; check the manual that corresponds to your MySQL server version for the right syntax to use near '* DESC' at line 7 in /home/ubuntu/workspace/Labs/Lab4/index.php:94
Stack trace:
#0 /home/ubuntu/workspace/Labs/Lab4/index.php(94): PDOStatement->execute()
#1 {main}
  thrown in /home/ubuntu/workspace/Labs/Lab4/index.php on line 94
[13-Mar-2018 02:24:08 UTC] PHP Fatal error:  Uncaught PDOException: SQLSTATE[42000]: Syntax error or access violation: 1064 You have an error in your SQL syntax; check the manual that corresponds to your MySQL server version for the right syntax to use near '* DESC' at line 7 in /home/ubuntu/workspace/Labs/Lab4/index.php:94
Stack trace:
#0 /home/ubuntu/workspace/Labs/Lab4/index.php(94): PDOStatement->execute()
#1 {main}
  thrown in /home/ubuntu/workspace/Labs/Lab4/index.php on line 94
[13-Mar-2018 02:36:36 UTC] PHP Fatal error:  Uncaught PDOException: SQLSTATE[42000]: Syntax error or access violation: 1064 You have an error in your SQL syntax; check the manual that corresponds to your MySQL server version for the right syntax to use near '* OR status = *' at line 2 in /home/ubuntu/workspace/Labs/Lab4/index.php:97
Stack trace:
#0 /home/ubuntu/workspace/Labs/Lab4/index.php(97): PDOStatement->execute()
#1 {main}
  thrown in /home/ubuntu/workspace/Labs/Lab4/index.php on line 97
[13-Mar-2018 02:37:08 UTC] PHP Fatal error:  Uncaught PDOException: SQLSTATE[42000]: Syntax error or access violation: 1064 You have an error in your SQL syntax; check the manual that corresponds to your MySQL server version for the right syntax to use near '* OR status = *' at line 2 in /home/ubuntu/workspace/Labs/Lab4/index.php:97
Stack trace:
#0 /home/ubuntu/workspace/Labs/Lab4/index.php(97): PDOStatement->execute()
#1 {main}
  thrown in /home/ubuntu/workspace/Labs/Lab4/index.php on line 97
[13-Mar-2018 02:38:07 UTC] PHP Fatal error:  Uncaught PDOException: SQLSTATE[42S22]: Column not found: 1054 Unknown column 'Available' in 'where clause' in /home/ubuntu/workspace/Labs/Lab4/index.php:97
Stack trace:
#0 /home/ubuntu/workspace/Labs/Lab4/index.php(97): PDOStatement->execute()
#1 {main}
  thrown in /home/ubuntu/workspace/Labs/Lab4/index.php on line 97
[13-Mar-2018 02:38:59 UTC] PHP Fatal error:  Uncaught PDOException: SQLSTATE[42S22]: Column not found: 1054 Unknown column 'available' in 'where clause' in /home/ubuntu/workspace/Labs/Lab4/index.php:97
Stack trace:
#0 /home/ubuntu/workspace/Labs/Lab4/index.php(97): PDOStatement->execute()
#1 {main}
  thrown in /home/ubuntu/workspace/Labs/Lab4/index.php on line 97
[13-Mar-2018 03:22:56 UTC] PHP Fatal error:  Uncaught PDOException: SQLSTATE[42000]: Syntax error or access violation: 1064 You have an error in your SQL syntax; check the manual that corresponds to your MySQL server version for the right syntax to use near '* ASC' at line 3 in /home/ubuntu/workspace/Labs/Lab4/index.php:98
Stack trace:
#0 /home/ubuntu/workspace/Labs/Lab4/index.php(98): PDOStatement->execute()
#1 {main}
  thrown in /home/ubuntu/workspace/Labs/Lab4/index.php on line 98
[13-Mar-2018 03:23:00 UTC] PHP Fatal error:  Uncaught PDOException: SQLSTATE[42000]: Syntax error or access violation: 1064 You have an error in your SQL syntax; check the manual that corresponds to your MySQL server version for the right syntax to use near '* ASC' at line 3 in /home/ubuntu/workspace/Labs/Lab4/index.php:98
Stack trace:
#0 /home/ubuntu/workspace/Labs/Lab4/index.php(98): PDOStatement->execute()
#1 {main}
  thrown in /home/ubuntu/workspace/Labs/Lab4/index.php on line 98
[13-Mar-2018 03:23:05 UTC] PHP Fatal error:  Uncaught PDOException: SQLSTATE[42000]: Syntax error or access violation: 1064 You have an error in your SQL syntax; check the manual that corresponds to your MySQL server version for the right syntax to use near '* ASC' at line 3 in /home/ubuntu/workspace/Labs/Lab4/index.php:98
Stack trace:
#0 /home/ubuntu/workspace/Labs/Lab4/index.php(98): PDOStatement->execute()
#1 {main}
  thrown in /home/ubuntu/workspace/Labs/Lab4/index.php on line 98
[13-Mar-2018 03:23:08 UTC] PHP Fatal error:  Uncaught PDOException: SQLSTATE[42000]: Syntax error or access violation: 1064 You have an error in your SQL syntax; check the manual that corresponds to your MySQL server version for the right syntax to use near '* ASC' at line 3 in /home/ubuntu/workspace/Labs/Lab4/index.php:98
Stack trace:
#0 /home/ubuntu/workspace/Labs/Lab4/index.php(98): PDOStatement->execute()
#1 {main}
  thrown in /home/ubuntu/workspace/Labs/Lab4/index.php on line 98
[13-Mar-2018 03:24:19 UTC] PHP Fatal error:  Uncaught PDOException: SQLSTATE[42000]: Syntax error or access violation: 1064 You have an error in your SQL syntax; check the manual that corresponds to your MySQL server version for the right syntax to use near '* ASC' at line 3 in /home/ubuntu/workspace/Labs/Lab4/index.php:98
Stack trace:
#0 /home/ubuntu/workspace/Labs/Lab4/index.php(98): PDOStatement->execute()
#1 {main}
  thrown in /home/ubuntu/workspace/Labs/Lab4/index.php on line 98
[14-Mar-2018 15:56:24 UTC] PHP Notice:  Undefined variable: url in /home/ubuntu/workspace/Labs/Lab4/DBConnectionMa.php on line 3
[14-Mar-2018 15:56:24 UTC] PHP Notice:  Undefined index: host in /home/ubuntu/workspace/Labs/Lab4/DBConnectionMa.php on line 5
[14-Mar-2018 15:56:24 UTC] PHP Notice:  Undefined index: user in /home/ubuntu/workspace/Labs/Lab4/DBConnectionMa.php on line 7
[14-Mar-2018 15:56:24 UTC] PHP Notice:  Undefined index: pass in /home/ubuntu/workspace/Labs/Lab4/DBConnectionMa.php on line 8
[14-Mar-2018 15:56:24 UTC] PHP Fatal error:  Uncaught Error: Call to undefined function getDataBaseconnection() in /home/ubuntu/workspace/Labs/Lab4/index.php:41
Stack trace:
#0 {main}
  thrown in /home/ubuntu/workspace/Labs/Lab4/index.php on line 41
[14-Mar-2018 15:56:29 UTC] PHP Notice:  Undefined variable: url in /home/ubuntu/workspace/Labs/Lab4/DBConnectionMa.php on line 3
[14-Mar-2018 15:56:29 UTC] PHP Notice:  Undefined index: host in /home/ubuntu/workspace/Labs/Lab4/DBConnectionMa.php on line 5
[14-Mar-2018 15:56:29 UTC] PHP Notice:  Undefined index: user in /home/ubuntu/workspace/Labs/Lab4/DBConnectionMa.php on line 7
[14-Mar-2018 15:56:29 UTC] PHP Notice:  Undefined index: pass in /home/ubuntu/workspace/Labs/Lab4/DBConnectionMa.php on line 8
[14-Mar-2018 15:56:29 UTC] PHP Fatal error:  Uncaught Error: Call to undefined function getDataBaseconnection() in /home/ubuntu/workspace/Labs/Lab4/index.php:41
Stack trace:
#0 {main}
  thrown in /home/ubuntu/workspace/Labs/Lab4/index.php on line 41
[14-Mar-2018 16:00:54 UTC] PHP Notice:  Undefined variable: url in /home/ubuntu/workspace/Labs/Lab4/DBConnectionMa.php on line 3
[14-Mar-2018 16:00:54 UTC] PHP Notice:  Undefined index: host in /home/ubuntu/workspace/Labs/Lab4/DBConnectionMa.php on line 5
[14-Mar-2018 16:00:54 UTC] PHP Notice:  Undefined index: user in /home/ubuntu/workspace/Labs/Lab4/DBConnectionMa.php on line 7
[14-Mar-2018 16:00:54 UTC] PHP Notice:  Undefined index: pass in /home/ubuntu/workspace/Labs/Lab4/DBConnectionMa.php on line 8
[14-Mar-2018 16:00:58 UTC] PHP Notice:  Undefined variable: url in /home/ubuntu/workspace/Labs/Lab4/DBConnectionMa.php on line 3
[14-Mar-2018 16:00:58 UTC] PHP Notice:  Undefined index: host in /home/ubuntu/workspace/Labs/Lab4/DBConnectionMa.php on line 5
[14-Mar-2018 16:00:58 UTC] PHP Notice:  Undefined index: user in /home/ubuntu/workspace/Labs/Lab4/DBConnectionMa.php on line 7
[14-Mar-2018 16:00:58 UTC] PHP Notice:  Undefined index: pass in /home/ubuntu/workspace/Labs/Lab4/DBConnectionMa.php on line 8
[14-Mar-2018 16:01:01 UTC] PHP Notice:  Undefined variable: url in /home/ubuntu/workspace/Labs/Lab4/DBConnectionMa.php on line 3
[14-Mar-2018 16:01:01 UTC] PHP Notice:  Undefined index: host in /home/ubuntu/workspace/Labs/Lab4/DBConnectionMa.php on line 5
[14-Mar-2018 16:01:01 UTC] PHP Notice:  Undefined index: user in /home/ubuntu/workspace/Labs/Lab4/DBConnectionMa.php on line 7
[14-Mar-2018 16:01:01 UTC] PHP Notice:  Undefined index: pass in /home/ubuntu/workspace/Labs/Lab4/DBConnectionMa.php on line 8
[14-Mar-2018 16:04:55 UTC] PHP Notice:  Undefined variable: url in /home/ubuntu/workspace/Labs/Lab4/DBConnectionMa.php on line 3
[14-Mar-2018 16:04:55 UTC] PHP Notice:  Undefined index: host in /home/ubuntu/workspace/Labs/Lab4/DBConnectionMa.php on line 5
[14-Mar-2018 16:04:55 UTC] PHP Notice:  Undefined index: user in /home/ubuntu/workspace/Labs/Lab4/DBConnectionMa.php on line 7
[14-Mar-2018 16:04:55 UTC] PHP Notice:  Undefined index: pass in /home/ubuntu/workspace/Labs/Lab4/DBConnectionMa.php on line 8
[14-Mar-2018 16:07:16 UTC] PHP Notice:  Undefined variable: url in /home/ubuntu/workspace/Labs/Lab4/DBConnectionMa.php on line 3
[14-Mar-2018 16:07:16 UTC] PHP Notice:  Undefined index: host in /home/ubuntu/workspace/Labs/Lab4/DBConnectionMa.php on line 5
[14-Mar-2018 16:07:16 UTC] PHP Notice:  Undefined index: user in /home/ubuntu/workspace/Labs/Lab4/DBConnectionMa.php on line 7
[14-Mar-2018 16:07:16 UTC] PHP Notice:  Undefined index: pass in /home/ubuntu/workspace/Labs/Lab4/DBConnectionMa.php on line 8
[14-Mar-2018 16:07:16 UTC] PHP Notice:  Undefined variable: hasConnUrl in /home/ubuntu/workspace/Labs/Lab4/DBConnectionMa.php on line 14
[14-Mar-2018 16:07:16 UTC] PHP Notice:  Undefined variable: hasConnUrl in /home/ubuntu/workspace/Labs/Lab4/DBConnectionMa.php on line 18
[14-Mar-2018 16:07:16 UTC] PHP Notice:  Undefined variable: hasConnUrl in /home/ubuntu/workspace/Labs/Lab4/DBConnectionMa.php on line 19
[14-Mar-2018 16:07:16 UTC] PHP Notice:  Undefined variable: hasConnUrl in /home/ubuntu/workspace/Labs/Lab4/DBConnectionMa.php on line 20
[14-Mar-2018 16:07:16 UTC] PHP Notice:  Undefined variable: hasConnUrl in /home/ubuntu/workspace/Labs/Lab4/DBConnectionMa.php on line 21
[14-Mar-2018 16:07:16 UTC] PHP Notice:  Undefined variable: hasConnUrl in /home/ubuntu/workspace/Labs/Lab4/DBConnectionMa.php on line 22
[14-Mar-2018 16:08:04 UTC] PHP Notice:  Undefined variable: url in /home/ubuntu/workspace/Labs/Lab4/DBConnectionMa.php on line 3
[14-Mar-2018 16:08:04 UTC] PHP Notice:  Undefined index: host in /home/ubuntu/workspace/Labs/Lab4/DBConnectionMa.php on line 5
[14-Mar-2018 16:08:04 UTC] PHP Notice:  Undefined index: user in /home/ubuntu/workspace/Labs/Lab4/DBConnectionMa.php on line 7
[14-Mar-2018 16:08:04 UTC] PHP Notice:  Undefined index: pass in /home/ubuntu/workspace/Labs/Lab4/DBConnectionMa.php on line 8
[14-Mar-2018 16:08:08 UTC] PHP Notice:  Undefined variable: url in /home/ubuntu/workspace/Labs/Lab4/DBConnectionMa.php on line 3
[14-Mar-2018 16:08:08 UTC] PHP Notice:  Undefined index: host in /home/ubuntu/workspace/Labs/Lab4/DBConnectionMa.php on line 5
[14-Mar-2018 16:08:08 UTC] PHP Notice:  Undefined index: user in /home/ubuntu/workspace/Labs/Lab4/DBConnectionMa.php on line 7
[14-Mar-2018 16:08:08 UTC] PHP Notice:  Undefined index: pass in /home/ubuntu/workspace/Labs/Lab4/DBConnectionMa.php on line 8
[14-Mar-2018 16:08:16 UTC] PHP Notice:  Undefined variable: url in /home/ubuntu/workspace/Labs/Lab4/DBConnectionMa.php on line 3
[14-Mar-2018 16:08:16 UTC] PHP Notice:  Undefined index: host in /home/ubuntu/workspace/Labs/Lab4/DBConnectionMa.php on line 5
[14-Mar-2018 16:08:16 UTC] PHP Notice:  Undefined index: user in /home/ubuntu/workspace/Labs/Lab4/DBConnectionMa.php on line 7
[14-Mar-2018 16:08:16 UTC] PHP Notice:  Undefined index: pass in /home/ubuntu/workspace/Labs/Lab4/DBConnectionMa.php on line 8
[14-Mar-2018 16:14:47 UTC] PHP Notice:  Undefined variable: dbConn in /home/ubuntu/workspace/Labs/Lab4/index.php on line 77
[14-Mar-2018 16:14:47 UTC] PHP Fatal error:  Uncaught Error: Call to a member function prepare() on null in /home/ubuntu/workspace/Labs/Lab4/index.php:77
Stack trace:
#0 {main}
  thrown in /home/ubuntu/workspace/Labs/Lab4/index.php on line 77
[14-Mar-2018 16:14:52 UTC] PHP Notice:  Undefined variable: dbConn in /home/ubuntu/workspace/Labs/Lab4/index.php on line 77
[14-Mar-2018 16:14:52 UTC] PHP Fatal error:  Uncaught Error: Call to a member function prepare() on null in /home/ubuntu/workspace/Labs/Lab4/index.php:77
Stack trace:
#0 {main}
  thrown in /home/ubuntu/workspace/Labs/Lab4/index.php on line 77
[14-Mar-2018 16:14:54 UTC] PHP Notice:  Undefined variable: dbConn in /home/ubuntu/workspace/Labs/Lab4/index.php on line 77
[14-Mar-2018 16:14:54 UTC] PHP Fatal error:  Uncaught Error: Call to a member function prepare() on null in /home/ubuntu/workspace/Labs/Lab4/index.php:77
Stack trace:
#0 {main}
  thrown in /home/ubuntu/workspace/Labs/Lab4/index.php on line 77
[14-Mar-2018 16:19:35 UTC] PHP Notice:  Undefined variable: dbConn in /home/ubuntu/workspace/Labs/Lab4/index.php on line 77
[14-Mar-2018 16:19:35 UTC] PHP Fatal error:  Uncaught Error: Call to a member function prepare() on null in /home/ubuntu/workspace/Labs/Lab4/index.php:77
Stack trace:
#0 {main}
  thrown in /home/ubuntu/workspace/Labs/Lab4/index.php on line 77
[14-Mar-2018 16:19:38 UTC] PHP Notice:  Undefined variable: dbConn in /home/ubuntu/workspace/Labs/Lab4/index.php on line 77
[14-Mar-2018 16:19:38 UTC] PHP Fatal error:  Uncaught Error: Call to a member function prepare() on null in /home/ubuntu/workspace/Labs/Lab4/index.php:77
Stack trace:
#0 {main}
  thrown in /home/ubuntu/workspace/Labs/Lab4/index.php on line 77
[14-Mar-2018 16:19:40 UTC] PHP Notice:  Undefined variable: dbConn in /home/ubuntu/workspace/Labs/Lab4/index.php on line 77
[14-Mar-2018 16:19:40 UTC] PHP Fatal error:  Uncaught Error: Call to a member function prepare() on null in /home/ubuntu/workspace/Labs/Lab4/index.php:77
Stack trace:
#0 {main}
  thrown in /home/ubuntu/workspace/Labs/Lab4/index.php on line 77
[03-Apr-2018 03:41:31 UTC] PHP Notice:  Undefined index: user in /home/ubuntu/workspace/Labs/Lab6/login.php on line 22
[03-Apr-2018 03:41:31 UTC] PHP Notice:  Undefined index: pass in /home/ubuntu/workspace/Labs/Lab6/login.php on line 23
[03-Apr-2018 04:20:35 UTC] PHP Notice:  Undefined index: user in /home/ubuntu/workspace/Labs/Lab6/login.php on line 24
[03-Apr-2018 04:20:35 UTC] PHP Notice:  Undefined index: pass in /home/ubuntu/workspace/Labs/Lab6/login.php on line 25
[03-Apr-2018 04:20:35 UTC] PHP Notice:  Undefined variable: dbConn in /home/ubuntu/workspace/Labs/Lab6/login.php on line 33
[03-Apr-2018 04:20:35 UTC] PHP Fatal error:  Uncaught Error: Call to a member function prepare() on null in /home/ubuntu/workspace/Labs/Lab6/login.php:33
Stack trace:
#0 {main}
  thrown in /home/ubuntu/workspace/Labs/Lab6/login.php on line 33
[03-Apr-2018 04:20:50 UTC] PHP Notice:  Undefined variable: dbConn in /home/ubuntu/workspace/Labs/Lab6/login.php on line 33
[03-Apr-2018 04:20:50 UTC] PHP Fatal error:  Uncaught Error: Call to a member function prepare() on null in /home/ubuntu/workspace/Labs/Lab6/login.php:33
Stack trace:
#0 {main}
  thrown in /home/ubuntu/workspace/Labs/Lab6/login.php on line 33
[03-Apr-2018 04:21:41 UTC] PHP Notice:  Undefined variable: dbConn in /home/ubuntu/workspace/Labs/Lab6/login.php on line 33
[03-Apr-2018 04:21:41 UTC] PHP Fatal error:  Uncaught Error: Call to a member function prepare() on null in /home/ubuntu/workspace/Labs/Lab6/login.php:33
Stack trace:
#0 {main}
  thrown in /home/ubuntu/workspace/Labs/Lab6/login.php on line 33
[03-Apr-2018 04:22:23 UTC] PHP Notice:  Undefined variable: dbConn in /home/ubuntu/workspace/Labs/Lab6/login.php on line 33
[03-Apr-2018 04:22:23 UTC] PHP Fatal error:  Uncaught Error: Call to a member function prepare() on null in /home/ubuntu/workspace/Labs/Lab6/login.php:33
Stack trace:
#0 {main}
  thrown in /home/ubuntu/workspace/Labs/Lab6/login.php on line 33
[03-Apr-2018 04:22:31 UTC] PHP Notice:  Undefined variable: dbConn in /home/ubuntu/workspace/Labs/Lab6/login.php on line 33
[03-Apr-2018 04:22:31 UTC] PHP Fatal error:  Uncaught Error: Call to a member function prepare() on null in /home/ubuntu/workspace/Labs/Lab6/login.php:33
Stack trace:
#0 {main}
  thrown in /home/ubuntu/workspace/Labs/Lab6/login.php on line 33
[03-Apr-2018 04:23:15 UTC] PHP Notice:  Undefined variable: dbConn in /home/ubuntu/workspace/Labs/Lab6/login.php on line 33
[03-Apr-2018 04:23:15 UTC] PHP Fatal error:  Uncaught Error: Call to a member function prepare() on null in /home/ubuntu/workspace/Labs/Lab6/login.php:33
Stack trace:
#0 {main}
  thrown in /home/ubuntu/workspace/Labs/Lab6/login.php on line 33
[03-Apr-2018 04:23:21 UTC] PHP Notice:  Undefined variable: dbConn in /home/ubuntu/workspace/Labs/Lab6/login.php on line 33
[03-Apr-2018 04:23:21 UTC] PHP Fatal error:  Uncaught Error: Call to a member function prepare() on null in /home/ubuntu/workspace/Labs/Lab6/login.php:33
Stack trace:
#0 {main}
  thrown in /home/ubuntu/workspace/Labs/Lab6/login.php on line 33
[03-Apr-2018 04:24:24 UTC] PHP Notice:  Undefined variable: dbConn in /home/ubuntu/workspace/Labs/Lab6/login.php on line 33
[03-Apr-2018 04:24:24 UTC] PHP Fatal error:  Uncaught Error: Call to a member function prepare() on null in /home/ubuntu/workspace/Labs/Lab6/login.php:33
Stack trace:
#0 {main}
  thrown in /home/ubuntu/workspace/Labs/Lab6/login.php on line 33
[03-Apr-2018 04:24:32 UTC] PHP Notice:  Undefined variable: dbConn in /home/ubuntu/workspace/Labs/Lab6/login.php on line 33
[03-Apr-2018 04:24:32 UTC] PHP Fatal error:  Uncaught Error: Call to a member function prepare() on null in /home/ubuntu/workspace/Labs/Lab6/login.php:33
Stack trace:
#0 {main}
  thrown in /home/ubuntu/workspace/Labs/Lab6/login.php on line 33
[03-Apr-2018 04:25:33 UTC] PHP Fatal error:  Uncaught PDOException: SQLSTATE[HY000] [1049] Unknown database 'Lab6' in /home/ubuntu/workspace/Labs/Lab6/DBConnection.php:8
Stack trace:
#0 /home/ubuntu/workspace/Labs/Lab6/DBConnection.php(8): PDO->__construct('mysql:host=loca...', 'jubaldo', '')
#1 /home/ubuntu/workspace/Labs/Lab6/login.php(20): getDataBaseconnection('Lab6')
#2 {main}
  thrown in /home/ubuntu/workspace/Labs/Lab6/DBConnection.php on line 8
[03-Apr-2018 04:25:38 UTC] PHP Fatal error:  Uncaught PDOException: SQLSTATE[HY000] [1049] Unknown database 'Lab6' in /home/ubuntu/workspace/Labs/Lab6/DBConnection.php:8
Stack trace:
#0 /home/ubuntu/workspace/Labs/Lab6/DBConnection.php(8): PDO->__construct('mysql:host=loca...', 'jubaldo', '')
#1 /home/ubuntu/workspace/Labs/Lab6/login.php(20): getDataBaseconnection('Lab6')
#2 {main}
  thrown in /home/ubuntu/workspace/Labs/Lab6/DBConnection.php on line 8
[03-Apr-2018 04:25:52 UTC] PHP Notice:  Undefined variable: dbConn in /home/ubuntu/workspace/Labs/Lab6/login.php on line 33
[03-Apr-2018 04:25:52 UTC] PHP Fatal error:  Uncaught Error: Call to a member function prepare() on null in /home/ubuntu/workspace/Labs/Lab6/login.php:33
Stack trace:
#0 {main}
  thrown in /home/ubuntu/workspace/Labs/Lab6/login.php on line 33
[03-Apr-2018 04:25:59 UTC] PHP Notice:  Undefined variable: dbConn in /home/ubuntu/workspace/Labs/Lab6/login.php on line 33
[03-Apr-2018 04:25:59 UTC] PHP Fatal error:  Uncaught Error: Call to a member function prepare() on null in /home/ubuntu/workspace/Labs/Lab6/login.php:33
Stack trace:
#0 {main}
  thrown in /home/ubuntu/workspace/Labs/Lab6/login.php on line 33
[03-Apr-2018 04:26:31 UTC] PHP Fatal error:  Uncaught PDOException: SQLSTATE[42S22]: Column not found: 1054 Unknown column 'admin' in 'where clause' in /home/ubuntu/workspace/Labs/Lab6/login.php:34
Stack trace:
#0 /home/ubuntu/workspace/Labs/Lab6/login.php(34): PDOStatement->execute()
#1 {main}
  thrown in /home/ubuntu/workspace/Labs/Lab6/login.php on line 34
[03-Apr-2018 04:26:37 UTC] PHP Fatal error:  Uncaught PDOException: SQLSTATE[42S22]: Column not found: 1054 Unknown column 'admin' in 'where clause' in /home/ubuntu/workspace/Labs/Lab6/login.php:34
Stack trace:
#0 /home/ubuntu/workspace/Labs/Lab6/login.php(34): PDOStatement->execute()
#1 {main}
  thrown in /home/ubuntu/workspace/Labs/Lab6/login.php on line 34
[03-Apr-2018 04:36:16 UTC] PHP Fatal error:  Uncaught PDOException: SQLSTATE[42S22]: Column not found: 1054 Unknown column 'admin' in 'where clause' in /home/ubuntu/workspace/Labs/Lab6/login.php:34
Stack trace:
#0 /home/ubuntu/workspace/Labs/Lab6/login.php(34): PDOStatement->execute()
#1 {main}
  thrown in /home/ubuntu/workspace/Labs/Lab6/login.php on line 34
[03-Apr-2018 04:38:11 UTC] PHP Fatal error:  Uncaught PDOException: SQLSTATE[42S22]: Column not found: 1054 Unknown column 'admin' in 'where clause' in /home/ubuntu/workspace/Labs/Lab6/login.php:38
Stack trace:
#0 /home/ubuntu/workspace/Labs/Lab6/login.php(38): PDOStatement->execute()
#1 {main}
  thrown in /home/ubuntu/workspace/Labs/Lab6/login.php on line 38
[03-Apr-2018 04:38:13 UTC] PHP Fatal error:  Uncaught PDOException: SQLSTATE[42S22]: Column not found: 1054 Unknown column 'admin' in 'where clause' in /home/ubuntu/workspace/Labs/Lab6/login.php:38
Stack trace:
#0 /home/ubuntu/workspace/Labs/Lab6/login.php(38): PDOStatement->execute()
#1 {main}
  thrown in /home/ubuntu/workspace/Labs/Lab6/login.php on line 38
[03-Apr-2018 05:32:44 UTC] PHP Notice:  Use of undefined constant session_start - assumed 'session_start' in /home/ubuntu/workspace/Labs/Lab6/login.php on line 3
[03-Apr-2018 05:32:51 UTC] PHP Notice:  Use of undefined constant session_start - assumed 'session_start' in /home/ubuntu/workspace/Labs/Lab6/login.php on line 3
[03-Apr-2018 05:41:38 UTC] PHP Notice:  Undefined variable: sql in /home/ubuntu/workspace/Labs/Lab6/admin.php on line 17
[03-Apr-2018 05:41:38 UTC] PHP Fatal error:  Uncaught PDOException: SQLSTATE[42000]: Syntax error or access violation: 1065 Query was empty in /home/ubuntu/workspace/Labs/Lab6/admin.php:18
Stack trace:
#0 /home/ubuntu/workspace/Labs/Lab6/admin.php(18): PDOStatement->execute()
#1 {main}
  thrown in /home/ubuntu/workspace/Labs/Lab6/admin.php on line 18
[03-Apr-2018 05:41:44 UTC] PHP Notice:  Use of undefined constant session_start - assumed 'session_start' in /home/ubuntu/workspace/Labs/Lab6/login.php on line 3
[03-Apr-2018 05:41:44 UTC] PHP Notice:  Undefined variable: sql in /home/ubuntu/workspace/Labs/Lab6/admin.php on line 17
[03-Apr-2018 05:41:44 UTC] PHP Fatal error:  Uncaught PDOException: SQLSTATE[42000]: Syntax error or access violation: 1065 Query was empty in /home/ubuntu/workspace/Labs/Lab6/admin.php:18
Stack trace:
#0 /home/ubuntu/workspace/Labs/Lab6/admin.php(18): PDOStatement->execute()
#1 {main}
  thrown in /home/ubuntu/workspace/Labs/Lab6/admin.php on line 18
[03-Apr-2018 06:01:24 UTC] PHP Notice:  Use of undefined constant session_start - assumed 'session_start' in /home/ubuntu/workspace/Labs/Lab6/login.php on line 3
[03-Apr-2018 06:01:26 UTC] PHP Notice:  Use of undefined constant session_start - assumed 'session_start' in /home/ubuntu/workspace/Labs/Lab6/login.php on line 3
[03-Apr-2018 06:09:45 UTC] PHP Notice:  Use of undefined constant session_start - assumed 'session_start' in /home/ubuntu/workspace/Labs/Lab6/login.php on line 3
[03-Apr-2018 06:09:46 UTC] PHP Notice:  Undefined index: user in /home/ubuntu/workspace/Labs/Lab6/admin.php on line 13
[03-Apr-2018 06:10:53 UTC] PHP Notice:  Undefined index: user in /home/ubuntu/workspace/Labs/Lab6/admin.php on line 13
[03-Apr-2018 06:11:13 UTC] PHP Notice:  Undefined variable: sql in /home/ubuntu/workspace/Labs/Lab6/admin.php on line 22
[03-Apr-2018 06:11:13 UTC] PHP Fatal error:  Uncaught PDOException: SQLSTATE[42000]: Syntax error or access violation: 1065 Query was empty in /home/ubuntu/workspace/Labs/Lab6/admin.php:23
Stack trace:
#0 /home/ubuntu/workspace/Labs/Lab6/admin.php(23): PDOStatement->execute()
#1 {main}
  thrown in /home/ubuntu/workspace/Labs/Lab6/admin.php on line 23
[03-Apr-2018 06:16:33 UTC] PHP Notice:  Undefined variable: sql in /home/ubuntu/workspace/Labs/Lab6/admin.php on line 23
[03-Apr-2018 06:16:33 UTC] PHP Fatal error:  Uncaught PDOException: SQLSTATE[42000]: Syntax error or access violation: 1065 Query was empty in /home/ubuntu/workspace/Labs/Lab6/admin.php:24
Stack trace:
#0 /home/ubuntu/workspace/Labs/Lab6/admin.php(24): PDOStatement->execute()
#1 {main}
  thrown in /home/ubuntu/workspace/Labs/Lab6/admin.php on line 24
[03-Apr-2018 06:16:51 UTC] PHP Notice:  Undefined variable: sql in /home/ubuntu/workspace/Labs/Lab6/admin.php on line 24
[03-Apr-2018 06:16:51 UTC] PHP Fatal error:  Uncaught PDOException: SQLSTATE[42000]: Syntax error or access violation: 1065 Query was empty in /home/ubuntu/workspace/Labs/Lab6/admin.php:25
Stack trace:
#0 /home/ubuntu/workspace/Labs/Lab6/admin.php(25): PDOStatement->execute()
#1 {main}
  thrown in /home/ubuntu/workspace/Labs/Lab6/admin.php on line 25
[03-Apr-2018 06:18:22 UTC] PHP Notice:  Undefined index: user in /home/ubuntu/workspace/Labs/Lab6/admin.php on line 30
[03-Apr-2018 06:19:03 UTC] PHP Notice:  Undefined index: user in /home/ubuntu/workspace/Labs/Lab6/admin.php on line 30
[03-Apr-2018 06:23:52 UTC] PHP Notice:  Undefined variable: sql in /home/ubuntu/workspace/Labs/Lab6/admin.php on line 30
[03-Apr-2018 06:23:52 UTC] PHP Fatal error:  Uncaught PDOException: SQLSTATE[42000]: Syntax error or access violation: 1065 Query was empty in /home/ubuntu/workspace/Labs/Lab6/admin.php:31
Stack trace:
#0 /home/ubuntu/workspace/Labs/Lab6/admin.php(31): PDOStatement->execute()
#1 {main}
  thrown in /home/ubuntu/workspace/Labs/Lab6/admin.php on line 31
[03-Apr-2018 06:24:26 UTC] PHP Notice:  Undefined variable: sql in /home/ubuntu/workspace/Labs/Lab6/admin.php on line 32
[03-Apr-2018 06:24:26 UTC] PHP Fatal error:  Uncaught PDOException: SQLSTATE[42000]: Syntax error or access violation: 1065 Query was empty in /home/ubuntu/workspace/Labs/Lab6/admin.php:33
Stack trace:
#0 /home/ubuntu/workspace/Labs/Lab6/admin.php(33): PDOStatement->execute()
#1 {main}
  thrown in /home/ubuntu/workspace/Labs/Lab6/admin.php on line 33
[03-Apr-2018 06:24:44 UTC] PHP Notice:  Undefined variable: sql in /home/ubuntu/workspace/Labs/Lab6/admin.php on line 32
[03-Apr-2018 06:24:44 UTC] PHP Fatal error:  Uncaught PDOException: SQLSTATE[42000]: Syntax error or access violation: 1065 Query was empty in /home/ubuntu/workspace/Labs/Lab6/admin.php:33
Stack trace:
#0 /home/ubuntu/workspace/Labs/Lab6/admin.php(33): PDOStatement->execute()
#1 {main}
  thrown in /home/ubuntu/workspace/Labs/Lab6/admin.php on line 33
[03-Apr-2018 06:25:21 UTC] PHP Notice:  Undefined index: user in /home/ubuntu/workspace/Labs/Lab6/admin.php on line 38
[03-Apr-2018 06:27:00 UTC] PHP Parse error:  syntax error, unexpected '}', expecting ',' or ';' in /home/ubuntu/workspace/Labs/Lab6/admin.php on line 43
[03-Apr-2018 06:37:06 UTC] PHP Notice:  Undefined variable: sql in /home/ubuntu/workspace/Labs/Lab6/admin.php on line 37
[03-Apr-2018 06:37:06 UTC] PHP Fatal error:  Uncaught PDOException: SQLSTATE[42000]: Syntax error or access violation: 1065 Query was empty in /home/ubuntu/workspace/Labs/Lab6/admin.php:38
Stack trace:
#0 /home/ubuntu/workspace/Labs/Lab6/admin.php(38): PDOStatement->execute()
#1 {main}
  thrown in /home/ubuntu/workspace/Labs/Lab6/admin.php on line 38
[03-Apr-2018 06:39:38 UTC] PHP Notice:  Undefined variable: sql in /home/ubuntu/workspace/Labs/Lab6/admin.php on line 37
[03-Apr-2018 06:39:38 UTC] PHP Fatal error:  Uncaught PDOException: SQLSTATE[42000]: Syntax error or access violation: 1065 Query was empty in /home/ubuntu/workspace/Labs/Lab6/admin.php:38
Stack trace:
#0 /home/ubuntu/workspace/Labs/Lab6/admin.php(38): PDOStatement->execute()
#1 {main}
  thrown in /home/ubuntu/workspace/Labs/Lab6/admin.php on line 38
[03-Apr-2018 06:46:18 UTC] PHP Notice:  Undefined variable: sql in /home/ubuntu/workspace/Labs/Lab6/admin.php on line 37
[03-Apr-2018 06:46:18 UTC] PHP Fatal error:  Uncaught PDOException: SQLSTATE[42000]: Syntax error or access violation: 1065 Query was empty in /home/ubuntu/workspace/Labs/Lab6/admin.php:38
Stack trace:
#0 /home/ubuntu/workspace/Labs/Lab6/admin.php(38): PDOStatement->execute()
#1 {main}
  thrown in /home/ubuntu/workspace/Labs/Lab6/admin.php on line 38
[03-Apr-2018 06:46:25 UTC] PHP Notice:  Undefined variable: sql in /home/ubuntu/workspace/Labs/Lab6/admin.php on line 37
[03-Apr-2018 06:46:25 UTC] PHP Fatal error:  Uncaught PDOException: SQLSTATE[42000]: Syntax error or access violation: 1065 Query was empty in /home/ubuntu/workspace/Labs/Lab6/admin.php:38
Stack trace:
#0 /home/ubuntu/workspace/Labs/Lab6/admin.php(38): PDOStatement->execute()
#1 {main}
  thrown in /home/ubuntu/workspace/Labs/Lab6/admin.php on line 38
[04-Apr-2018 00:13:23 UTC] PHP Notice:  Undefined index: user in /home/ubuntu/workspace/Labs/Lab6/admin.php on line 4
[04-Apr-2018 00:13:23 UTC] PHP Notice:  Undefined index: pass in /home/ubuntu/workspace/Labs/Lab6/admin.php on line 5
[04-Apr-2018 00:13:23 UTC] PHP Notice:  Undefined variable: user in /home/ubuntu/workspace/Labs/Lab6/admin.php on line 35
[04-Apr-2018 00:13:23 UTC] PHP Notice:  Undefined variable: pass in /home/ubuntu/workspace/Labs/Lab6/admin.php on line 35
[04-Apr-2018 00:13:23 UTC] PHP Notice:  Undefined variable: user in /home/ubuntu/workspace/Labs/Lab6/admin.php on line 37
[04-Apr-2018 00:16:00 UTC] PHP Notice:  Undefined index: user in /home/ubuntu/workspace/Labs/Lab6/admin.php on line 4
[04-Apr-2018 00:16:00 UTC] PHP Notice:  Undefined index: pass in /home/ubuntu/workspace/Labs/Lab6/admin.php on line 5
[04-Apr-2018 00:16:00 UTC] PHP Notice:  Undefined variable: user in /home/ubuntu/workspace/Labs/Lab6/admin.php on line 26
[04-Apr-2018 00:16:00 UTC] PHP Notice:  Undefined variable: pass in /home/ubuntu/workspace/Labs/Lab6/admin.php on line 26
[04-Apr-2018 00:16:00 UTC] PHP Notice:  Undefined variable: user in /home/ubuntu/workspace/Labs/Lab6/admin.php on line 28
[04-Apr-2018 00:16:12 UTC] PHP Notice:  Undefined variable: userName in /home/ubuntu/workspace/Labs/Lab6/login.php on line 33
[04-Apr-2018 00:16:12 UTC] PHP Notice:  Undefined variable: passWord in /home/ubuntu/workspace/Labs/Lab6/login.php on line 34
[04-Apr-2018 00:16:12 UTC] PHP Notice:  Undefined variable: userName in /home/ubuntu/workspace/Labs/Lab6/login.php on line 42
[04-Apr-2018 00:16:12 UTC] PHP Notice:  Undefined variable: passWord in /home/ubuntu/workspace/Labs/Lab6/login.php on line 42
[04-Apr-2018 00:16:12 UTC] PHP Notice:  Undefined variable: userName in /home/ubuntu/workspace/Labs/Lab6/login.php on line 56
[04-Apr-2018 00:16:12 UTC] PHP Notice:  Undefined variable: passWord in /home/ubuntu/workspace/Labs/Lab6/login.php on line 57
[04-Apr-2018 00:16:21 UTC] PHP Notice:  Undefined variable: userName in /home/ubuntu/workspace/Labs/Lab6/login.php on line 33
[04-Apr-2018 00:16:21 UTC] PHP Notice:  Undefined variable: passWord in /home/ubuntu/workspace/Labs/Lab6/login.php on line 34
[04-Apr-2018 00:16:21 UTC] PHP Notice:  Undefined variable: userName in /home/ubuntu/workspace/Labs/Lab6/login.php on line 42
[04-Apr-2018 00:16:21 UTC] PHP Notice:  Undefined variable: passWord in /home/ubuntu/workspace/Labs/Lab6/login.php on line 42
[04-Apr-2018 00:16:21 UTC] PHP Notice:  Undefined variable: userName in /home/ubuntu/workspace/Labs/Lab6/login.php on line 56
[04-Apr-2018 00:16:21 UTC] PHP Notice:  Undefined variable: passWord in /home/ubuntu/workspace/Labs/Lab6/login.php on line 57
[04-Apr-2018 00:16:43 UTC] PHP Notice:  Undefined variable: userName in /home/ubuntu/workspace/Labs/Lab6/login.php on line 33
[04-Apr-2018 00:16:43 UTC] PHP Notice:  Undefined variable: passWord in /home/ubuntu/workspace/Labs/Lab6/login.php on line 34
[04-Apr-2018 00:16:43 UTC] PHP Notice:  Undefined variable: userName in /home/ubuntu/workspace/Labs/Lab6/login.php on line 42
[04-Apr-2018 00:16:43 UTC] PHP Notice:  Undefined variable: passWord in /home/ubuntu/workspace/Labs/Lab6/login.php on line 42
[04-Apr-2018 00:16:43 UTC] PHP Notice:  Undefined variable: userName in /home/ubuntu/workspace/Labs/Lab6/login.php on line 56
[04-Apr-2018 00:16:43 UTC] PHP Notice:  Undefined variable: passWord in /home/ubuntu/workspace/Labs/Lab6/login.php on line 57
[04-Apr-2018 00:27:05 UTC] PHP Notice:  Undefined variable: user in /home/ubuntu/workspace/Labs/Lab6/admin.php on line 26
[04-Apr-2018 00:27:05 UTC] PHP Notice:  Undefined variable: pass in /home/ubuntu/workspace/Labs/Lab6/admin.php on line 26
[04-Apr-2018 00:27:05 UTC] PHP Notice:  Undefined variable: user in /home/ubuntu/workspace/Labs/Lab6/admin.php on line 28
[04-Apr-2018 00:37:51 UTC] PHP Notice:  Undefined variable: userName in /home/ubuntu/workspace/Labs/Lab6/login.php on line 33
[04-Apr-2018 00:37:51 UTC] PHP Notice:  Undefined variable: passWord in /home/ubuntu/workspace/Labs/Lab6/login.php on line 34
[04-Apr-2018 00:37:51 UTC] PHP Notice:  Undefined variable: userName in /home/ubuntu/workspace/Labs/Lab6/login.php on line 42
[04-Apr-2018 00:37:51 UTC] PHP Notice:  Undefined variable: passWord in /home/ubuntu/workspace/Labs/Lab6/login.php on line 42
[04-Apr-2018 00:37:51 UTC] PHP Notice:  Undefined variable: userName in /home/ubuntu/workspace/Labs/Lab6/login.php on line 56
[04-Apr-2018 00:37:51 UTC] PHP Notice:  Undefined variable: passWord in /home/ubuntu/workspace/Labs/Lab6/login.php on line 57
[04-Apr-2018 00:37:53 UTC] PHP Notice:  Undefined variable: userName in /home/ubuntu/workspace/Labs/Lab6/login.php on line 33
[04-Apr-2018 00:37:53 UTC] PHP Notice:  Undefined variable: passWord in /home/ubuntu/workspace/Labs/Lab6/login.php on line 34
[04-Apr-2018 00:37:53 UTC] PHP Notice:  Undefined variable: userName in /home/ubuntu/workspace/Labs/Lab6/login.php on line 42
[04-Apr-2018 00:37:53 UTC] PHP Notice:  Undefined variable: passWord in /home/ubuntu/workspace/Labs/Lab6/login.php on line 42
[04-Apr-2018 00:37:53 UTC] PHP Notice:  Undefined variable: userName in /home/ubuntu/workspace/Labs/Lab6/login.php on line 56
[04-Apr-2018 00:37:53 UTC] PHP Notice:  Undefined variable: passWord in /home/ubuntu/workspace/Labs/Lab6/login.php on line 57
[04-Apr-2018 00:38:16 UTC] PHP Notice:  Undefined variable: userName in /home/ubuntu/workspace/Labs/Lab6/login.php on line 33
[04-Apr-2018 00:38:16 UTC] PHP Notice:  Undefined variable: passWord in /home/ubuntu/workspace/Labs/Lab6/login.php on line 34
[04-Apr-2018 00:38:16 UTC] PHP Notice:  Undefined variable: userName in /home/ubuntu/workspace/Labs/Lab6/login.php on line 42
[04-Apr-2018 00:38:16 UTC] PHP Notice:  Undefined variable: passWord in /home/ubuntu/workspace/Labs/Lab6/login.php on line 42
[04-Apr-2018 00:38:16 UTC] PHP Notice:  Undefined variable: userName in /home/ubuntu/workspace/Labs/Lab6/login.php on line 56
[04-Apr-2018 00:38:16 UTC] PHP Notice:  Undefined variable: passWord in /home/ubuntu/workspace/Labs/Lab6/login.php on line 57
[04-Apr-2018 00:42:42 UTC] PHP Notice:  Undefined variable: userName in /home/ubuntu/workspace/Labs/Lab6/login.php on line 33
[04-Apr-2018 00:42:42 UTC] PHP Notice:  Undefined variable: passWord in /home/ubuntu/workspace/Labs/Lab6/login.php on line 34
[04-Apr-2018 00:42:42 UTC] PHP Notice:  Undefined variable: userName in /home/ubuntu/workspace/Labs/Lab6/login.php on line 42
[04-Apr-2018 00:42:42 UTC] PHP Notice:  Undefined variable: passWord in /home/ubuntu/workspace/Labs/Lab6/login.php on line 42
[04-Apr-2018 00:42:42 UTC] PHP Notice:  Undefined variable: userName in /home/ubuntu/workspace/Labs/Lab6/login.php on line 56
[04-Apr-2018 00:42:42 UTC] PHP Notice:  Undefined variable: passWord in /home/ubuntu/workspace/Labs/Lab6/login.php on line 57
[04-Apr-2018 00:42:43 UTC] PHP Notice:  Undefined variable: userName in /home/ubuntu/workspace/Labs/Lab6/login.php on line 33
[04-Apr-2018 00:42:43 UTC] PHP Notice:  Undefined variable: passWord in /home/ubuntu/workspace/Labs/Lab6/login.php on line 34
[04-Apr-2018 00:42:43 UTC] PHP Notice:  Undefined variable: userName in /home/ubuntu/workspace/Labs/Lab6/login.php on line 42
[04-Apr-2018 00:42:43 UTC] PHP Notice:  Undefined variable: passWord in /home/ubuntu/workspace/Labs/Lab6/login.php on line 42
[04-Apr-2018 00:42:43 UTC] PHP Notice:  Undefined variable: userName in /home/ubuntu/workspace/Labs/Lab6/login.php on line 56
[04-Apr-2018 00:42:43 UTC] PHP Notice:  Undefined variable: passWord in /home/ubuntu/workspace/Labs/Lab6/login.php on line 57
[04-Apr-2018 00:46:42 UTC] PHP Notice:  Undefined variable: userName in /home/ubuntu/workspace/Labs/Lab6/login.php on line 33
[04-Apr-2018 00:46:42 UTC] PHP Notice:  Undefined variable: passWord in /home/ubuntu/workspace/Labs/Lab6/login.php on line 34
[04-Apr-2018 00:46:42 UTC] PHP Notice:  Undefined variable: userName in /home/ubuntu/workspace/Labs/Lab6/login.php on line 42
[04-Apr-2018 00:46:42 UTC] PHP Notice:  Undefined variable: passWord in /home/ubuntu/workspace/Labs/Lab6/login.php on line 42
[04-Apr-2018 00:46:42 UTC] PHP Notice:  Undefined variable: userName in /home/ubuntu/workspace/Labs/Lab6/login.php on line 56
[04-Apr-2018 00:46:42 UTC] PHP Notice:  Undefined variable: passWord in /home/ubuntu/workspace/Labs/Lab6/login.php on line 57
[04-Apr-2018 00:46:44 UTC] PHP Notice:  Undefined variable: userName in /home/ubuntu/workspace/Labs/Lab6/login.php on line 33
[04-Apr-2018 00:46:44 UTC] PHP Notice:  Undefined variable: passWord in /home/ubuntu/workspace/Labs/Lab6/login.php on line 34
[04-Apr-2018 00:46:44 UTC] PHP Notice:  Undefined variable: userName in /home/ubuntu/workspace/Labs/Lab6/login.php on line 42
[04-Apr-2018 00:46:44 UTC] PHP Notice:  Undefined variable: passWord in /home/ubuntu/workspace/Labs/Lab6/login.php on line 42
[04-Apr-2018 00:46:44 UTC] PHP Notice:  Undefined variable: userName in /home/ubuntu/workspace/Labs/Lab6/login.php on line 56
[04-Apr-2018 00:46:44 UTC] PHP Notice:  Undefined variable: passWord in /home/ubuntu/workspace/Labs/Lab6/login.php on line 57
[04-Apr-2018 00:46:59 UTC] PHP Notice:  Undefined variable: userName in /home/ubuntu/workspace/Labs/Lab6/login.php on line 33
[04-Apr-2018 00:46:59 UTC] PHP Notice:  Undefined variable: passWord in /home/ubuntu/workspace/Labs/Lab6/login.php on line 34
[04-Apr-2018 00:46:59 UTC] PHP Notice:  Undefined variable: userName in /home/ubuntu/workspace/Labs/Lab6/login.php on line 42
[04-Apr-2018 00:46:59 UTC] PHP Notice:  Undefined variable: passWord in /home/ubuntu/workspace/Labs/Lab6/login.php on line 42
[04-Apr-2018 00:46:59 UTC] PHP Notice:  Undefined variable: userName in /home/ubuntu/workspace/Labs/Lab6/login.php on line 56
[04-Apr-2018 00:46:59 UTC] PHP Notice:  Undefined variable: passWord in /home/ubuntu/workspace/Labs/Lab6/login.php on line 57
[04-Apr-2018 00:56:33 UTC] PHP Notice:  Undefined variable: userName in /home/ubuntu/workspace/Labs/Lab6/login.php on line 33
[04-Apr-2018 00:56:33 UTC] PHP Notice:  Undefined variable: passWord in /home/ubuntu/workspace/Labs/Lab6/login.php on line 34
[04-Apr-2018 00:56:33 UTC] PHP Notice:  Undefined variable: userName in /home/ubuntu/workspace/Labs/Lab6/login.php on line 42
[04-Apr-2018 00:56:33 UTC] PHP Notice:  Undefined variable: passWord in /home/ubuntu/workspace/Labs/Lab6/login.php on line 42
[04-Apr-2018 00:56:33 UTC] PHP Notice:  Undefined variable: userName in /home/ubuntu/workspace/Labs/Lab6/login.php on line 56
[04-Apr-2018 00:56:33 UTC] PHP Notice:  Undefined variable: passWord in /home/ubuntu/workspace/Labs/Lab6/login.php on line 57
[04-Apr-2018 00:56:46 UTC] PHP Notice:  Undefined variable: userName in /home/ubuntu/workspace/Labs/Lab6/login.php on line 33
[04-Apr-2018 00:56:46 UTC] PHP Notice:  Undefined variable: passWord in /home/ubuntu/workspace/Labs/Lab6/login.php on line 34
[04-Apr-2018 00:56:46 UTC] PHP Notice:  Undefined variable: userName in /home/ubuntu/workspace/Labs/Lab6/login.php on line 42
[04-Apr-2018 00:56:46 UTC] PHP Notice:  Undefined variable: passWord in /home/ubuntu/workspace/Labs/Lab6/login.php on line 42
[04-Apr-2018 00:56:46 UTC] PHP Notice:  Undefined variable: userName in /home/ubuntu/workspace/Labs/Lab6/login.php on line 56
[04-Apr-2018 00:56:46 UTC] PHP Notice:  Undefined variable: passWord in /home/ubuntu/workspace/Labs/Lab6/login.php on line 57
[04-Apr-2018 00:58:07 UTC] PHP Notice:  Undefined variable: userName in /home/ubuntu/workspace/Labs/Lab6/login.php on line 33
[04-Apr-2018 00:58:07 UTC] PHP Notice:  Undefined variable: passWord in /home/ubuntu/workspace/Labs/Lab6/login.php on line 34
[04-Apr-2018 00:58:07 UTC] PHP Notice:  Undefined variable: userName in /home/ubuntu/workspace/Labs/Lab6/login.php on line 42
[04-Apr-2018 00:58:07 UTC] PHP Notice:  Undefined variable: passWord in /home/ubuntu/workspace/Labs/Lab6/login.php on line 42
[04-Apr-2018 00:58:07 UTC] PHP Notice:  Undefined variable: userName in /home/ubuntu/workspace/Labs/Lab6/login.php on line 56
[04-Apr-2018 00:58:07 UTC] PHP Notice:  Undefined variable: passWord in /home/ubuntu/workspace/Labs/Lab6/login.php on line 57
[04-Apr-2018 15:17:41 UTC] PHP Notice:  Undefined variable: userName in /home/ubuntu/workspace/Labs/practiceLab/admin.php on line 37
[04-Apr-2018 15:17:45 UTC] PHP Notice:  Undefined variable: userName in /home/ubuntu/workspace/Labs/practiceLab/admin.php on line 37
[04-Apr-2018 15:17:46 UTC] PHP Notice:  Undefined variable: userName in /home/ubuntu/workspace/Labs/practiceLab/admin.php on line 37
[04-Apr-2018 15:17:48 UTC] PHP Notice:  Undefined variable: userName in /home/ubuntu/workspace/Labs/practiceLab/admin.php on line 37
[04-Apr-2018 15:18:00 UTC] PHP Notice:  Undefined variable: userName in /home/ubuntu/workspace/Labs/practiceLab/admin.php on line 37
[04-Apr-2018 15:23:18 UTC] PHP Notice:  Undefined variable: userName in /home/ubuntu/workspace/Labs/practiceLab/admin.php on line 37
[04-Apr-2018 15:23:28 UTC] PHP Notice:  Undefined variable: userName in /home/ubuntu/workspace/Labs/practiceLab/admin.php on line 37
[04-Apr-2018 15:23:30 UTC] PHP Notice:  Undefined variable: userName in /home/ubuntu/workspace/Labs/practiceLab/admin.php on line 37
[04-Apr-2018 15:24:17 UTC] PHP Notice:  Undefined variable: userName in /home/ubuntu/workspace/Labs/practiceLab/admin.php on line 38
[04-Apr-2018 15:24:20 UTC] PHP Notice:  Undefined variable: userName in /home/ubuntu/workspace/Labs/practiceLab/admin.php on line 38
[04-Apr-2018 15:24:37 UTC] PHP Notice:  Undefined variable: userName in /home/ubuntu/workspace/Labs/practiceLab/admin.php on line 38
[04-Apr-2018 15:24:57 UTC] PHP Notice:  Undefined variable: userName in /home/ubuntu/workspace/Labs/practiceLab/admin.php on line 38
[04-Apr-2018 15:25:03 UTC] PHP Notice:  Undefined variable: userName in /home/ubuntu/workspace/Labs/practiceLab/admin.php on line 38
[04-Apr-2018 15:25:33 UTC] PHP Notice:  Undefined variable: userName in /home/ubuntu/workspace/Labs/practiceLab/admin.php on line 38
[04-Apr-2018 16:46:29 UTC] PHP Notice:  Undefined index: username in /home/ubuntu/workspace/Labs/practiceLab/admin.php on line 107
[04-Apr-2018 16:46:29 UTC] PHP Notice:  Undefined index: username in /home/ubuntu/workspace/Labs/practiceLab/admin.php on line 110
[04-Apr-2018 16:46:29 UTC] PHP Notice:  Undefined index: username in /home/ubuntu/workspace/Labs/practiceLab/admin.php on line 107
[04-Apr-2018 16:46:29 UTC] PHP Notice:  Undefined index: username in /home/ubuntu/workspace/Labs/practiceLab/admin.php on line 110
[04-Apr-2018 16:46:32 UTC] PHP Notice:  Undefined index: username in /home/ubuntu/workspace/Labs/practiceLab/admin.php on line 107
[04-Apr-2018 16:46:32 UTC] PHP Notice:  Undefined index: username in /home/ubuntu/workspace/Labs/practiceLab/admin.php on line 110
[04-Apr-2018 16:46:32 UTC] PHP Notice:  Undefined index: username in /home/ubuntu/workspace/Labs/practiceLab/admin.php on line 107
[04-Apr-2018 16:46:32 UTC] PHP Notice:  Undefined index: username in /home/ubuntu/workspace/Labs/practiceLab/admin.php on line 110
[04-Apr-2018 17:33:00 UTC] PHP Notice:  Undefined index: isAdmin in /home/ubuntu/workspace/Labs/practiceLab/admin.php on line 107
[04-Apr-2018 17:33:00 UTC] PHP Notice:  Undefined index: isAdmin in /home/ubuntu/workspace/Labs/practiceLab/admin.php on line 107
[04-Apr-2018 17:33:19 UTC] PHP Notice:  Undefined index: isAdmin in /home/ubuntu/workspace/Labs/practiceLab/admin.php on line 107
[04-Apr-2018 17:33:20 UTC] PHP Notice:  Undefined index: isAdmin in /home/ubuntu/workspace/Labs/practiceLab/admin.php on line 107
[04-Apr-2018 17:41:24 UTC] PHP Notice:  Undefined index: isAdmin in /home/ubuntu/workspace/Labs/practiceLab/admin.php on line 107
[04-Apr-2018 17:41:24 UTC] PHP Notice:  Undefined index: isAdmin in /home/ubuntu/workspace/Labs/practiceLab/admin.php on line 107
[04-Apr-2018 17:41:37 UTC] PHP Notice:  Undefined index: isAdmin in /home/ubuntu/workspace/Labs/practiceLab/admin.php on line 107
[04-Apr-2018 17:41:37 UTC] PHP Notice:  Undefined index: isAdmin in /home/ubuntu/workspace/Labs/practiceLab/admin.php on line 107
[05-Apr-2018 03:20:17 UTC] PHP Notice:  Undefined variable: userName in /home/ubuntu/workspace/Labs/practiceLab/user.php on line 26
[05-Apr-2018 03:20:17 UTC] PHP Notice:  Undefined variable: passWord in /home/ubuntu/workspace/Labs/practiceLab/user.php on line 27
[05-Apr-2018 03:20:17 UTC] PHP Fatal error:  Uncaught PDOException: SQLSTATE[42S22]: Column not found: 1054 Unknown column 'first' in 'field list' in /home/ubuntu/workspace/Labs/practiceLab/user.php:32
Stack trace:
#0 /home/ubuntu/workspace/Labs/practiceLab/user.php(32): PDOStatement->execute()
#1 {main}
  thrown in /home/ubuntu/workspace/Labs/practiceLab/user.php on line 32
[05-Apr-2018 03:20:58 UTC] PHP Fatal error:  Uncaught PDOException: SQLSTATE[42S22]: Column not found: 1054 Unknown column 'first' in 'field list' in /home/ubuntu/workspace/Labs/practiceLab/user.php:32
Stack trace:
#0 /home/ubuntu/workspace/Labs/practiceLab/user.php(32): PDOStatement->execute()
#1 {main}
  thrown in /home/ubuntu/workspace/Labs/practiceLab/user.php on line 32
[05-Apr-2018 03:22:53 UTC] PHP Fatal error:  Uncaught PDOException: SQLSTATE[42S22]: Column not found: 1054 Unknown column 'first' in 'field list' in /home/ubuntu/workspace/Labs/practiceLab/user.php:32
Stack trace:
#0 /home/ubuntu/workspace/Labs/practiceLab/user.php(32): PDOStatement->execute()
#1 {main}
  thrown in /home/ubuntu/workspace/Labs/practiceLab/user.php on line 32
[05-Apr-2018 03:22:57 UTC] PHP Fatal error:  Uncaught PDOException: SQLSTATE[42S22]: Column not found: 1054 Unknown column 'first' in 'field list' in /home/ubuntu/workspace/Labs/practiceLab/user.php:32
Stack trace:
#0 /home/ubuntu/workspace/Labs/practiceLab/user.php(32): PDOStatement->execute()
#1 {main}
  thrown in /home/ubuntu/workspace/Labs/practiceLab/user.php on line 32
[05-Apr-2018 03:23:09 UTC] PHP Fatal error:  Uncaught PDOException: SQLSTATE[42S22]: Column not found: 1054 Unknown column 'first' in 'field list' in /home/ubuntu/workspace/Labs/practiceLab/user.php:32
Stack trace:
#0 /home/ubuntu/workspace/Labs/practiceLab/user.php(32): PDOStatement->execute()
#1 {main}
  thrown in /home/ubuntu/workspace/Labs/practiceLab/user.php on line 32
[05-Apr-2018 03:23:21 UTC] PHP Fatal error:  Uncaught PDOException: SQLSTATE[42S22]: Column not found: 1054 Unknown column 'first' in 'field list' in /home/ubuntu/workspace/Labs/practiceLab/user.php:32
Stack trace:
#0 /home/ubuntu/workspace/Labs/practiceLab/user.php(32): PDOStatement->execute()
#1 {main}
  thrown in /home/ubuntu/workspace/Labs/practiceLab/user.php on line 32
[05-Apr-2018 03:23:56 UTC] PHP Fatal error:  Uncaught PDOException: SQLSTATE[42S22]: Column not found: 1054 Unknown column 'first' in 'field list' in /home/ubuntu/workspace/Labs/practiceLab/user.php:33
Stack trace:
#0 /home/ubuntu/workspace/Labs/practiceLab/user.php(33): PDOStatement->execute()
#1 {main}
  thrown in /home/ubuntu/workspace/Labs/practiceLab/user.php on line 33
[05-Apr-2018 03:56:13 UTC] PHP Notice:  Undefined index: password in /home/ubuntu/workspace/Labs/practiceLab/userInfo.php on line 38
[05-Apr-2018 04:02:44 UTC] PHP Notice:  Undefined index: password in /home/ubuntu/workspace/Labs/practiceLab/userInfo.php on line 42
[05-Apr-2018 04:03:28 UTC] PHP Notice:  Undefined index: password in /home/ubuntu/workspace/Labs/practiceLab/userInfo.php on line 42
[05-Apr-2018 04:17:03 UTC] PHP Notice:  Undefined index: password in /home/ubuntu/workspace/Labs/practiceLab/userInfo.php on line 42
[05-Apr-2018 05:07:28 UTC] PHP Notice:  Undefined variable: conn in /home/ubuntu/workspace/Labs/practiceLab/admin.php on line 150
[05-Apr-2018 05:07:28 UTC] PHP Fatal error:  Uncaught Error: Call to a member function prepare() on null in /home/ubuntu/workspace/Labs/practiceLab/admin.php:150
Stack trace:
#0 {main}
  thrown in /home/ubuntu/workspace/Labs/practiceLab/admin.php on line 150
[05-Apr-2018 05:10:30 UTC] PHP Notice:  Undefined variable: conn in /home/ubuntu/workspace/Labs/practiceLab/admin.php on line 151
[05-Apr-2018 05:10:30 UTC] PHP Fatal error:  Uncaught Error: Call to a member function prepare() on null in /home/ubuntu/workspace/Labs/practiceLab/admin.php:151
Stack trace:
#0 {main}
  thrown in /home/ubuntu/workspace/Labs/practiceLab/admin.php on line 151
[05-Apr-2018 05:10:39 UTC] PHP Notice:  Undefined variable: conn in /home/ubuntu/workspace/Labs/practiceLab/admin.php on line 151
[05-Apr-2018 05:10:39 UTC] PHP Fatal error:  Uncaught Error: Call to a member function prepare() on null in /home/ubuntu/workspace/Labs/practiceLab/admin.php:151
Stack trace:
#0 {main}
  thrown in /home/ubuntu/workspace/Labs/practiceLab/admin.php on line 151
[05-Apr-2018 05:11:59 UTC] PHP Notice:  Undefined variable: conn in /home/ubuntu/workspace/Labs/practiceLab/admin.php on line 151
[05-Apr-2018 05:11:59 UTC] PHP Fatal error:  Uncaught Error: Call to a member function prepare() on null in /home/ubuntu/workspace/Labs/practiceLab/admin.php:151
Stack trace:
#0 {main}
  thrown in /home/ubuntu/workspace/Labs/practiceLab/admin.php on line 151
[05-Apr-2018 05:12:07 UTC] PHP Notice:  Undefined variable: conn in /home/ubuntu/workspace/Labs/practiceLab/admin.php on line 151
[05-Apr-2018 05:12:07 UTC] PHP Fatal error:  Uncaught Error: Call to a member function prepare() on null in /home/ubuntu/workspace/Labs/practiceLab/admin.php:151
Stack trace:
#0 {main}
  thrown in /home/ubuntu/workspace/Labs/practiceLab/admin.php on line 151
[05-Apr-2018 05:13:07 UTC] PHP Notice:  Undefined variable: conn in /home/ubuntu/workspace/Labs/practiceLab/admin.php on line 153
[05-Apr-2018 05:13:07 UTC] PHP Fatal error:  Uncaught Error: Call to a member function prepare() on null in /home/ubuntu/workspace/Labs/practiceLab/admin.php:153
Stack trace:
#0 {main}
  thrown in /home/ubuntu/workspace/Labs/practiceLab/admin.php on line 153
