[28-Mar-2018 14:42:50 UTC] PHP Fatal error:  Uncaught PDOException: SQLSTATE[42S22]: Column not found: 1054 Unknown column 'm_students.student_id' in 'on clause' in /home/ubuntu/workspace/midterm/Program2/program2.php:34
Stack trace:
#0 /home/ubuntu/workspace/midterm/Program2/program2.php(34): PDOStatement->execute()
#1 {main}
  thrown in /home/ubuntu/workspace/midterm/Program2/program2.php on line 34
[28-Mar-2018 14:48:34 UTC] PHP Parse error:  syntax error, unexpected 'DISTINCT' (T_STRING) in /home/ubuntu/workspace/midterm/Program2/program2.php on line 46
[28-Mar-2018 14:48:45 UTC] PHP Fatal error:  Uncaught PDOException: SQLSTATE[42S22]: Column not found: 1054 Unknown column 'grade' in 'order clause' in /home/ubuntu/workspace/midterm/Program2/program2.php:53
Stack trace:
#0 /home/ubuntu/workspace/midterm/Program2/program2.php(53): PDOStatement->execute()
#1 {main}
  thrown in /home/ubuntu/workspace/midterm/Program2/program2.php on line 53
[28-Mar-2018 14:49:41 UTC] PHP Fatal error:  Uncaught PDOException: SQLSTATE[42000]: Syntax error or access violation: 1064 You have an error in your SQL syntax; check the manual that corresponds to your MySQL server version for the right syntax to use near 'FROM `m_students`
                    WHERE m_students.studentId NOT IN (SELECT ' at line 1 in /home/ubuntu/workspace/midterm/Program2/program2.php:53
Stack trace:
#0 /home/ubuntu/workspace/midterm/Program2/program2.php(53): PDOStatement->execute()
#1 {main}
  thrown in /home/ubuntu/workspace/midterm/Program2/program2.php on line 53
[28-Mar-2018 14:51:04 UTC] PHP Parse error:  syntax error, unexpected 'DISTINCT' (T_STRING) in /home/ubuntu/workspace/midterm/Program2/program2.php on line 46
[28-Mar-2018 14:54:21 UTC] PHP Notice:  Undefined index: m_assignments in /home/ubuntu/workspace/midterm/Program2/program2.php on line 59
[28-Mar-2018 14:54:21 UTC] PHP Notice:  Undefined index: m_assignments in /home/ubuntu/workspace/midterm/Program2/program2.php on line 59
[28-Mar-2018 14:58:40 UTC] PHP Fatal error:  Uncaught PDOException: SQLSTATE[42000]: Syntax error or access violation: 1064 You have an error in your SQL syntax; check the manual that corresponds to your MySQL server version for the right syntax to use near 'AND
                    ORDER BY title ASC' at line 4 in /home/ubuntu/workspace/midterm/Program2/program2.php:68
Stack trace:
#0 /home/ubuntu/workspace/midterm/Program2/program2.php(68): PDOStatement->execute()
#1 {main}
  thrown in /home/ubuntu/workspace/midterm/Program2/program2.php on line 68
[28-Mar-2018 14:58:53 UTC] PHP Notice:  Undefined index: title in /home/ubuntu/workspace/midterm/Program2/program2.php on line 71
[28-Mar-2018 14:58:53 UTC] PHP Notice:  Undefined index: dueDate in /home/ubuntu/workspace/midterm/Program2/program2.php on line 71
[28-Mar-2018 14:58:53 UTC] PHP Notice:  Undefined index: title in /home/ubuntu/workspace/midterm/Program2/program2.php on line 71
[28-Mar-2018 14:58:53 UTC] PHP Notice:  Undefined index: dueDate in /home/ubuntu/workspace/midterm/Program2/program2.php on line 71
[28-Mar-2018 14:58:53 UTC] PHP Notice:  Undefined index: title in /home/ubuntu/workspace/midterm/Program2/program2.php on line 71
[28-Mar-2018 14:58:53 UTC] PHP Notice:  Undefined index: dueDate in /home/ubuntu/workspace/midterm/Program2/program2.php on line 71
[28-Mar-2018 14:58:53 UTC] PHP Notice:  Undefined index: title in /home/ubuntu/workspace/midterm/Program2/program2.php on line 71
[28-Mar-2018 14:58:53 UTC] PHP Notice:  Undefined index: dueDate in /home/ubuntu/workspace/midterm/Program2/program2.php on line 71
[28-Mar-2018 14:58:53 UTC] PHP Notice:  Undefined index: title in /home/ubuntu/workspace/midterm/Program2/program2.php on line 71
[28-Mar-2018 14:58:53 UTC] PHP Notice:  Undefined index: dueDate in /home/ubuntu/workspace/midterm/Program2/program2.php on line 71
[28-Mar-2018 14:58:53 UTC] PHP Notice:  Undefined index: title in /home/ubuntu/workspace/midterm/Program2/program2.php on line 71
[28-Mar-2018 14:58:53 UTC] PHP Notice:  Undefined index: dueDate in /home/ubuntu/workspace/midterm/Program2/program2.php on line 71
[28-Mar-2018 14:58:53 UTC] PHP Notice:  Undefined index: title in /home/ubuntu/workspace/midterm/Program2/program2.php on line 71
[28-Mar-2018 14:58:53 UTC] PHP Notice:  Undefined index: dueDate in /home/ubuntu/workspace/midterm/Program2/program2.php on line 71
[28-Mar-2018 14:58:53 UTC] PHP Notice:  Undefined index: title in /home/ubuntu/workspace/midterm/Program2/program2.php on line 71
[28-Mar-2018 14:58:53 UTC] PHP Notice:  Undefined index: dueDate in /home/ubuntu/workspace/midterm/Program2/program2.php on line 71
[28-Mar-2018 14:58:53 UTC] PHP Notice:  Undefined index: title in /home/ubuntu/workspace/midterm/Program2/program2.php on line 71
[28-Mar-2018 14:58:53 UTC] PHP Notice:  Undefined index: dueDate in /home/ubuntu/workspace/midterm/Program2/program2.php on line 71
[28-Mar-2018 14:58:53 UTC] PHP Notice:  Undefined index: title in /home/ubuntu/workspace/midterm/Program2/program2.php on line 71
[28-Mar-2018 14:58:53 UTC] PHP Notice:  Undefined index: dueDate in /home/ubuntu/workspace/midterm/Program2/program2.php on line 71
[28-Mar-2018 14:58:53 UTC] PHP Notice:  Undefined index: title in /home/ubuntu/workspace/midterm/Program2/program2.php on line 71
[28-Mar-2018 14:58:53 UTC] PHP Notice:  Undefined index: dueDate in /home/ubuntu/workspace/midterm/Program2/program2.php on line 71
[28-Mar-2018 14:58:53 UTC] PHP Notice:  Undefined index: title in /home/ubuntu/workspace/midterm/Program2/program2.php on line 71
[28-Mar-2018 14:58:53 UTC] PHP Notice:  Undefined index: dueDate in /home/ubuntu/workspace/midterm/Program2/program2.php on line 71
[28-Mar-2018 14:58:53 UTC] PHP Notice:  Undefined index: title in /home/ubuntu/workspace/midterm/Program2/program2.php on line 71
[28-Mar-2018 14:58:53 UTC] PHP Notice:  Undefined index: dueDate in /home/ubuntu/workspace/midterm/Program2/program2.php on line 71
[28-Mar-2018 14:58:53 UTC] PHP Notice:  Undefined index: title in /home/ubuntu/workspace/midterm/Program2/program2.php on line 71
[28-Mar-2018 14:58:53 UTC] PHP Notice:  Undefined index: dueDate in /home/ubuntu/workspace/midterm/Program2/program2.php on line 71
[28-Mar-2018 14:58:53 UTC] PHP Notice:  Undefined index: title in /home/ubuntu/workspace/midterm/Program2/program2.php on line 71
[28-Mar-2018 14:58:53 UTC] PHP Notice:  Undefined index: dueDate in /home/ubuntu/workspace/midterm/Program2/program2.php on line 71
[28-Mar-2018 15:00:23 UTC] PHP Notice:  Array to string conversion in /home/ubuntu/workspace/midterm/Program2/program2.php on line 71
[28-Mar-2018 15:00:23 UTC] PHP Notice:  Undefined index: dueDate in /home/ubuntu/workspace/midterm/Program2/program2.php on line 71
[28-Mar-2018 15:00:23 UTC] PHP Notice:  Undefined index: dueDate in /home/ubuntu/workspace/midterm/Program2/program2.php on line 71
[28-Mar-2018 15:00:23 UTC] PHP Notice:  Undefined index: dueDate in /home/ubuntu/workspace/midterm/Program2/program2.php on line 71
[28-Mar-2018 15:00:23 UTC] PHP Notice:  Undefined index: dueDate in /home/ubuntu/workspace/midterm/Program2/program2.php on line 71
[28-Mar-2018 15:00:23 UTC] PHP Notice:  Undefined index: dueDate in /home/ubuntu/workspace/midterm/Program2/program2.php on line 71
[28-Mar-2018 15:00:23 UTC] PHP Notice:  Undefined index: dueDate in /home/ubuntu/workspace/midterm/Program2/program2.php on line 71
[28-Mar-2018 15:00:23 UTC] PHP Notice:  Undefined index: dueDate in /home/ubuntu/workspace/midterm/Program2/program2.php on line 71
[28-Mar-2018 15:00:23 UTC] PHP Notice:  Undefined index: dueDate in /home/ubuntu/workspace/midterm/Program2/program2.php on line 71
[28-Mar-2018 15:00:23 UTC] PHP Notice:  Undefined index: dueDate in /home/ubuntu/workspace/midterm/Program2/program2.php on line 71
[28-Mar-2018 15:00:23 UTC] PHP Notice:  Undefined index: dueDate in /home/ubuntu/workspace/midterm/Program2/program2.php on line 71
[28-Mar-2018 15:00:23 UTC] PHP Notice:  Undefined index: dueDate in /home/ubuntu/workspace/midterm/Program2/program2.php on line 71
[28-Mar-2018 15:00:23 UTC] PHP Notice:  Undefined index: dueDate in /home/ubuntu/workspace/midterm/Program2/program2.php on line 71
[28-Mar-2018 15:00:23 UTC] PHP Notice:  Undefined index: dueDate in /home/ubuntu/workspace/midterm/Program2/program2.php on line 71
[28-Mar-2018 15:00:23 UTC] PHP Notice:  Undefined index: dueDate in /home/ubuntu/workspace/midterm/Program2/program2.php on line 71
[28-Mar-2018 15:00:23 UTC] PHP Notice:  Undefined index: dueDate in /home/ubuntu/workspace/midterm/Program2/program2.php on line 71
[28-Mar-2018 15:00:47 UTC] PHP Notice:  Undefined index: title in /home/ubuntu/workspace/midterm/Program2/program2.php on line 71
[28-Mar-2018 15:00:47 UTC] PHP Notice:  Undefined index: dueDate in /home/ubuntu/workspace/midterm/Program2/program2.php on line 71
[28-Mar-2018 15:00:47 UTC] PHP Notice:  Undefined index: title in /home/ubuntu/workspace/midterm/Program2/program2.php on line 71
[28-Mar-2018 15:00:47 UTC] PHP Notice:  Undefined index: dueDate in /home/ubuntu/workspace/midterm/Program2/program2.php on line 71
[28-Mar-2018 15:00:47 UTC] PHP Notice:  Undefined index: title in /home/ubuntu/workspace/midterm/Program2/program2.php on line 71
[28-Mar-2018 15:00:47 UTC] PHP Notice:  Undefined index: dueDate in /home/ubuntu/workspace/midterm/Program2/program2.php on line 71
[28-Mar-2018 15:00:47 UTC] PHP Notice:  Undefined index: title in /home/ubuntu/workspace/midterm/Program2/program2.php on line 71
[28-Mar-2018 15:00:47 UTC] PHP Notice:  Undefined index: dueDate in /home/ubuntu/workspace/midterm/Program2/program2.php on line 71
[28-Mar-2018 15:00:47 UTC] PHP Notice:  Undefined index: title in /home/ubuntu/workspace/midterm/Program2/program2.php on line 71
[28-Mar-2018 15:00:47 UTC] PHP Notice:  Undefined index: dueDate in /home/ubuntu/workspace/midterm/Program2/program2.php on line 71
[28-Mar-2018 15:00:47 UTC] PHP Notice:  Undefined index: title in /home/ubuntu/workspace/midterm/Program2/program2.php on line 71
[28-Mar-2018 15:00:47 UTC] PHP Notice:  Undefined index: dueDate in /home/ubuntu/workspace/midterm/Program2/program2.php on line 71
[28-Mar-2018 15:00:47 UTC] PHP Notice:  Undefined index: title in /home/ubuntu/workspace/midterm/Program2/program2.php on line 71
[28-Mar-2018 15:00:47 UTC] PHP Notice:  Undefined index: dueDate in /home/ubuntu/workspace/midterm/Program2/program2.php on line 71
[28-Mar-2018 15:00:47 UTC] PHP Notice:  Undefined index: title in /home/ubuntu/workspace/midterm/Program2/program2.php on line 71
[28-Mar-2018 15:00:47 UTC] PHP Notice:  Undefined index: dueDate in /home/ubuntu/workspace/midterm/Program2/program2.php on line 71
[28-Mar-2018 15:00:47 UTC] PHP Notice:  Undefined index: title in /home/ubuntu/workspace/midterm/Program2/program2.php on line 71
[28-Mar-2018 15:00:47 UTC] PHP Notice:  Undefined index: dueDate in /home/ubuntu/workspace/midterm/Program2/program2.php on line 71
[28-Mar-2018 15:00:47 UTC] PHP Notice:  Undefined index: title in /home/ubuntu/workspace/midterm/Program2/program2.php on line 71
[28-Mar-2018 15:00:47 UTC] PHP Notice:  Undefined index: dueDate in /home/ubuntu/workspace/midterm/Program2/program2.php on line 71
[28-Mar-2018 15:00:47 UTC] PHP Notice:  Undefined index: title in /home/ubuntu/workspace/midterm/Program2/program2.php on line 71
[28-Mar-2018 15:00:47 UTC] PHP Notice:  Undefined index: dueDate in /home/ubuntu/workspace/midterm/Program2/program2.php on line 71
[28-Mar-2018 15:00:47 UTC] PHP Notice:  Undefined index: title in /home/ubuntu/workspace/midterm/Program2/program2.php on line 71
[28-Mar-2018 15:00:47 UTC] PHP Notice:  Undefined index: dueDate in /home/ubuntu/workspace/midterm/Program2/program2.php on line 71
[28-Mar-2018 15:00:47 UTC] PHP Notice:  Undefined index: title in /home/ubuntu/workspace/midterm/Program2/program2.php on line 71
[28-Mar-2018 15:00:47 UTC] PHP Notice:  Undefined index: dueDate in /home/ubuntu/workspace/midterm/Program2/program2.php on line 71
[28-Mar-2018 15:00:47 UTC] PHP Notice:  Undefined index: title in /home/ubuntu/workspace/midterm/Program2/program2.php on line 71
[28-Mar-2018 15:00:47 UTC] PHP Notice:  Undefined index: dueDate in /home/ubuntu/workspace/midterm/Program2/program2.php on line 71
[28-Mar-2018 15:00:47 UTC] PHP Notice:  Undefined index: title in /home/ubuntu/workspace/midterm/Program2/program2.php on line 71
[28-Mar-2018 15:00:47 UTC] PHP Notice:  Undefined index: dueDate in /home/ubuntu/workspace/midterm/Program2/program2.php on line 71
[28-Mar-2018 15:03:58 UTC] PHP Fatal error:  Uncaught PDOException: SQLSTATE[42000]: Syntax error or access violation: 1064 You have an error in your SQL syntax; check the manual that corresponds to your MySQL server version for the right syntax to use near 'AND title ASC' at line 4 in /home/ubuntu/workspace/midterm/Program2/program2.php:67
Stack trace:
#0 /home/ubuntu/workspace/midterm/Program2/program2.php(67): PDOStatement->execute()
#1 {main}
  thrown in /home/ubuntu/workspace/midterm/Program2/program2.php on line 67
[28-Mar-2018 15:04:07 UTC] PHP Fatal error:  Uncaught PDOException: SQLSTATE[42000]: Syntax error or access violation: 1064 You have an error in your SQL syntax; check the manual that corresponds to your MySQL server version for the right syntax to use near 'AND ORDER BY title ASC' at line 4 in /home/ubuntu/workspace/midterm/Program2/program2.php:67
Stack trace:
#0 /home/ubuntu/workspace/midterm/Program2/program2.php(67): PDOStatement->execute()
#1 {main}
  thrown in /home/ubuntu/workspace/midterm/Program2/program2.php on line 67
[28-Mar-2018 15:15:40 UTC] PHP Fatal error:  Uncaught PDOException: SQLSTATE[42000]: Syntax error or access violation: 1064 You have an error in your SQL syntax; check the manual that corresponds to your MySQL server version for the right syntax to use near 'GROUP BY firstName' at line 4 in /home/ubuntu/workspace/midterm/Program2/program2.php:86
Stack trace:
#0 /home/ubuntu/workspace/midterm/Program2/program2.php(86): PDOStatement->execute()
#1 {main}
  thrown in /home/ubuntu/workspace/midterm/Program2/program2.php on line 86
